2023-03-08 18:44:25,392  |  INFO  |  >>>>   Sending HTTP GET requests to API endpoint for team profile as of 2022-09-01 ...  
2023-03-08 18:44:25,392  |  DEBUG  |  >>>>     
2023-03-08 18:44:25,983  |  INFO  |  >>>>   Requests completed, now processing JSON payload ...  
2023-03-08 18:44:25,985  |  DEBUG  |  >>>>     
2023-03-08 18:44:25,987  |  INFO  |  >>>>   Reading JSON payload into data frame ...  
2023-03-08 18:44:25,987  |  DEBUG  |  >>>>     
2023-03-08 18:44:26,035  |  INFO  |  >>>>   Writing data frame to CSV file ...  
2023-03-08 18:44:26,037  |  DEBUG  |  >>>>     
2023-03-08 18:44:26,047  |  INFO  |    
2023-03-08 18:44:26,061  |  INFO  |  >>>>   Successfully written and loaded "   played.home  played.away  played.total  wins.home  wins.away  wins.total  draws.home  draws.away  draws.total  loses.home  loses.away  loses.total  match_date
0            2            3             5          1          2           3           0           0            0           1           1            2  2022-09-01" file to local target location...  
2023-03-08 18:44:26,062  |  DEBUG  |  >>>>     
2023-03-08 18:44:29,072  |  INFO  |  >>>>   Sending HTTP GET requests to API endpoint for team profile as of 2022-10-01 ...  
2023-03-08 18:44:29,072  |  DEBUG  |  >>>>     
2023-03-08 18:44:29,518  |  INFO  |  >>>>   Requests completed, now processing JSON payload ...  
2023-03-08 18:44:29,518  |  DEBUG  |  >>>>     
2023-03-08 18:44:29,519  |  INFO  |  >>>>   Reading JSON payload into data frame ...  
2023-03-08 18:44:29,520  |  DEBUG  |  >>>>     
2023-03-08 18:44:29,532  |  INFO  |  >>>>   Writing data frame to CSV file ...  
2023-03-08 18:44:29,532  |  DEBUG  |  >>>>     
2023-03-08 18:44:29,535  |  INFO  |    
2023-03-08 18:44:29,547  |  INFO  |  >>>>   Successfully written and loaded "   played.home  played.away  played.total  wins.home  wins.away  wins.total  draws.home  draws.away  draws.total  loses.home  loses.away  loses.total  match_date
0            3            3             6          2          2           4           0           0            0           1           1            2  2022-10-01" file to local target location...  
2023-03-08 18:44:29,547  |  DEBUG  |  >>>>     
2023-03-08 18:44:32,562  |  INFO  |  >>>>   Sending HTTP GET requests to API endpoint for team profile as of 2022-11-01 ...  
2023-03-08 18:44:32,563  |  DEBUG  |  >>>>     
2023-03-08 18:44:33,035  |  INFO  |  >>>>   Requests completed, now processing JSON payload ...  
2023-03-08 18:44:33,036  |  DEBUG  |  >>>>     
2023-03-08 18:44:33,037  |  INFO  |  >>>>   Reading JSON payload into data frame ...  
2023-03-08 18:44:33,038  |  DEBUG  |  >>>>     
2023-03-08 18:44:33,052  |  INFO  |  >>>>   Writing data frame to CSV file ...  
2023-03-08 18:44:33,052  |  DEBUG  |  >>>>     
2023-03-08 18:44:33,055  |  INFO  |    
2023-03-08 18:44:33,072  |  INFO  |  >>>>   Successfully written and loaded "   played.home  played.away  played.total  wins.home  wins.away  wins.total  draws.home  draws.away  draws.total  loses.home  loses.away  loses.total  match_date
0            6            6            12          4          3           7           1           1            2           1           2            3  2022-11-01" file to local target location...  
2023-03-08 18:44:33,073  |  DEBUG  |  >>>>     
2023-03-08 18:44:36,082  |  INFO  |  >>>>   Sending HTTP GET requests to API endpoint for team profile as of 2022-12-01 ...  
2023-03-08 18:44:36,083  |  DEBUG  |  >>>>     
2023-03-08 18:44:36,566  |  INFO  |  >>>>   Requests completed, now processing JSON payload ...  
2023-03-08 18:44:36,567  |  DEBUG  |  >>>>     
2023-03-08 18:44:36,568  |  INFO  |  >>>>   Reading JSON payload into data frame ...  
2023-03-08 18:44:36,569  |  DEBUG  |  >>>>     
2023-03-08 18:44:36,585  |  INFO  |  >>>>   Writing data frame to CSV file ...  
2023-03-08 18:44:36,586  |  DEBUG  |  >>>>     
2023-03-08 18:44:36,589  |  INFO  |    
2023-03-08 18:44:36,602  |  INFO  |  >>>>   Successfully written and loaded "   played.home  played.away  played.total  wins.home  wins.away  wins.total  draws.home  draws.away  draws.total  loses.home  loses.away  loses.total  match_date
0            6            8            14          4          4           8           1           1            2           1           3            4  2022-12-01" file to local target location...  
2023-03-08 18:44:36,603  |  DEBUG  |  >>>>     
2023-03-08 18:44:39,605  |  INFO  |  >>>>   Sending HTTP GET requests to API endpoint for team profile as of 2023-01-01 ...  
2023-03-08 18:44:39,605  |  DEBUG  |  >>>>     
2023-03-08 18:44:40,099  |  INFO  |  >>>>   Requests completed, now processing JSON payload ...  
2023-03-08 18:44:40,101  |  DEBUG  |  >>>>     
2023-03-08 18:44:40,103  |  INFO  |  >>>>   Reading JSON payload into data frame ...  
2023-03-08 18:44:40,104  |  DEBUG  |  >>>>     
2023-03-08 18:44:40,123  |  INFO  |  >>>>   Writing data frame to CSV file ...  
2023-03-08 18:44:40,125  |  DEBUG  |  >>>>     
2023-03-08 18:44:40,130  |  INFO  |    
2023-03-08 18:44:40,143  |  INFO  |  >>>>   Successfully written and loaded "   played.home  played.away  played.total  wins.home  wins.away  wins.total  draws.home  draws.away  draws.total  loses.home  loses.away  loses.total  match_date
0            7            9            16          5          5          10           1           1            2           1           3            4  2023-01-01" file to local target location...  
2023-03-08 18:44:40,144  |  DEBUG  |  >>>>     
2023-03-08 18:44:43,148  |  INFO  |  >>>>   Sending HTTP GET requests to API endpoint for team profile as of 2023-02-01 ...  
2023-03-08 18:44:43,149  |  DEBUG  |  >>>>     
2023-03-08 18:44:43,683  |  INFO  |  >>>>   Requests completed, now processing JSON payload ...  
2023-03-08 18:44:43,684  |  DEBUG  |  >>>>     
2023-03-08 18:44:43,686  |  INFO  |  >>>>   Reading JSON payload into data frame ...  
2023-03-08 18:44:43,686  |  DEBUG  |  >>>>     
2023-03-08 18:44:43,704  |  INFO  |  >>>>   Writing data frame to CSV file ...  
2023-03-08 18:44:43,705  |  DEBUG  |  >>>>     
2023-03-08 18:44:43,707  |  INFO  |    
2023-03-08 18:44:43,722  |  INFO  |  >>>>   Successfully written and loaded "   played.home  played.away  played.total  wins.home  wins.away  wins.total  draws.home  draws.away  draws.total  loses.home  loses.away  loses.total  match_date
0            9           11            20          7          5          12           1           2            3           1           4            5  2023-02-01" file to local target location...  
2023-03-08 18:44:43,723  |  DEBUG  |  >>>>     
2023-03-08 18:44:46,729  |  INFO  |  >>>>   Sending HTTP GET requests to API endpoint for team profile as of 2023-03-01 ...  
2023-03-08 18:44:46,730  |  DEBUG  |  >>>>     
2023-03-08 18:44:47,364  |  INFO  |  >>>>   Requests completed, now processing JSON payload ...  
2023-03-08 18:44:47,365  |  DEBUG  |  >>>>     
2023-03-08 18:44:47,367  |  INFO  |  >>>>   Reading JSON payload into data frame ...  
2023-03-08 18:44:47,368  |  DEBUG  |  >>>>     
2023-03-08 18:44:47,386  |  INFO  |  >>>>   Writing data frame to CSV file ...  
2023-03-08 18:44:47,386  |  DEBUG  |  >>>>     
2023-03-08 18:44:47,390  |  INFO  |    
2023-03-08 18:44:47,407  |  INFO  |  >>>>   Successfully written and loaded "   played.home  played.away  played.total  wins.home  wins.away  wins.total  draws.home  draws.away  draws.total  loses.home  loses.away  loses.total  match_date
0           12           12            24          9          6          15           2           2            4           1           4            5  2023-03-01" file to local target location...  
2023-03-08 18:44:47,408  |  DEBUG  |  >>>>     
2023-03-08 18:44:50,419  |  INFO  |  >>>>   Sending HTTP GET requests to API endpoint for team profile as of 2023-03-08 ...  
2023-03-08 18:44:50,419  |  DEBUG  |  >>>>     
2023-03-08 18:44:50,890  |  INFO  |  >>>>   Requests completed, now processing JSON payload ...  
2023-03-08 18:44:50,890  |  DEBUG  |  >>>>     
2023-03-08 18:44:50,892  |  INFO  |  >>>>   Reading JSON payload into data frame ...  
2023-03-08 18:44:50,893  |  DEBUG  |  >>>>     
2023-03-08 18:44:50,907  |  INFO  |  >>>>   Writing data frame to CSV file ...  
2023-03-08 18:44:50,908  |  DEBUG  |  >>>>     
2023-03-08 18:44:50,913  |  INFO  |    
2023-03-08 18:44:50,924  |  INFO  |  >>>>   Successfully written and loaded "   played.home  played.away  played.total  wins.home  wins.away  wins.total  draws.home  draws.away  draws.total  loses.home  loses.away  loses.total  match_date
0           12           13            25          9          6          15           2           2            4           1           5            6  2023-03-08" file to local target location...  
2023-03-08 18:44:50,925  |  DEBUG  |  >>>>     
