2023-03-06 17:15:23,739  |  INFO  |  >>>>   Running Prem League link for league standings as of 2023-Mar-06 ...  
2023-03-06 17:15:23,741  |  DEBUG  |  >>>>     
2023-03-06 17:15:28,939  |  INFO  |  No cookie pop-up window to close...let's begin scraping for league standings as of "2023-Mar-06"  !!  
2023-03-06 17:15:28,964  |  INFO  |  >>>>   Extracting content from HTML elements ...  
2023-03-06 17:15:28,965  |  DEBUG  |  >>>>     
2023-03-06 17:15:28,967  |  DEBUG  |  >>>>>>>   Table no 0 <<<<<<    
2023-03-06 17:15:28,968  |  DEBUG  |  >>>>     
2023-03-06 17:15:29,002  |  DEBUG  |  >>>>   Table row no "1", Cell no "1" appended ...  
2023-03-06 17:15:29,003  |  DEBUG  |  >>>>     
2023-03-06 17:15:29,017  |  DEBUG  |  >>>>   Table row no "1", Cell no "2" appended ...  
2023-03-06 17:15:29,018  |  DEBUG  |  >>>>     
2023-03-06 17:15:29,035  |  DEBUG  |  >>>>   Table row no "1", Cell no "3" appended ...  
2023-03-06 17:15:29,036  |  DEBUG  |  >>>>     
2023-03-06 17:15:29,052  |  DEBUG  |  >>>>   Table row no "1", Cell no "4" appended ...  
2023-03-06 17:15:29,053  |  DEBUG  |  >>>>     
2023-03-06 17:15:29,070  |  DEBUG  |  >>>>   Table row no "1", Cell no "5" appended ...  
2023-03-06 17:15:29,072  |  DEBUG  |  >>>>     
2023-03-06 17:15:29,089  |  DEBUG  |  >>>>   Table row no "1", Cell no "6" appended ...  
2023-03-06 17:15:29,090  |  DEBUG  |  >>>>     
2023-03-06 17:15:29,105  |  DEBUG  |  >>>>   Table row no "1", Cell no "7" appended ...  
2023-03-06 17:15:29,106  |  DEBUG  |  >>>>     
2023-03-06 17:15:29,123  |  DEBUG  |  >>>>   Table row no "1", Cell no "8" appended ...  
2023-03-06 17:15:29,124  |  DEBUG  |  >>>>     
2023-03-06 17:15:29,139  |  DEBUG  |  >>>>   Table row no "1", Cell no "9" appended ...  
2023-03-06 17:15:29,139  |  DEBUG  |  >>>>     
2023-03-06 17:15:29,154  |  DEBUG  |  >>>>   Table row no "1", Cell no "10" appended ...  
2023-03-06 17:15:29,155  |  DEBUG  |  >>>>     
2023-03-06 17:15:29,171  |  DEBUG  |  >>>>   Table row no "1", Cell no "11" appended ...  
2023-03-06 17:15:29,172  |  DEBUG  |  >>>>     
2023-03-06 17:15:29,186  |  DEBUG  |  >>>>   Table row no "1", Cell no "12" appended ...  
2023-03-06 17:15:29,187  |  DEBUG  |  >>>>     
2023-03-06 17:15:29,204  |  DEBUG  |  >>>>   Table row no "1", Cell no "13" appended ...  
2023-03-06 17:15:29,204  |  DEBUG  |  >>>>     
2023-03-06 17:15:29,222  |  DEBUG  |  >>>>   Table row no "1", Cell no "14" appended ...  
2023-03-06 17:15:29,223  |  DEBUG  |  >>>>     
2023-03-06 17:15:29,238  |  DEBUG  |  >>>>   Table row no "1", Cell no "15" appended ...  
2023-03-06 17:15:29,239  |  DEBUG  |  >>>>     
2023-03-06 17:15:29,253  |  DEBUG  |  >>>>   Table row no "1", Cell no "16" appended ...  
2023-03-06 17:15:29,254  |  DEBUG  |  >>>>     
2023-03-06 17:15:29,270  |  DEBUG  |  >>>>   Table row no "1", Cell no "17" appended ...  
2023-03-06 17:15:29,270  |  DEBUG  |  >>>>     
2023-03-06 17:15:29,284  |  DEBUG  |  >>>>   Table row no "1", Cell no "18" appended ...  
2023-03-06 17:15:29,286  |  DEBUG  |  >>>>     
2023-03-06 17:15:29,286  |  DEBUG  |  >>>>>>>   Table no 0 <<<<<<    
2023-03-06 17:15:29,287  |  DEBUG  |  >>>>     
2023-03-06 17:15:29,314  |  DEBUG  |  >>>>   Table row no "2", Cell no "1" appended ...  
2023-03-06 17:15:29,314  |  DEBUG  |  >>>>     
2023-03-06 17:15:29,330  |  DEBUG  |  >>>>   Table row no "2", Cell no "2" appended ...  
2023-03-06 17:15:29,332  |  DEBUG  |  >>>>     
2023-03-06 17:15:29,348  |  DEBUG  |  >>>>   Table row no "2", Cell no "3" appended ...  
2023-03-06 17:15:29,350  |  DEBUG  |  >>>>     
2023-03-06 17:15:29,364  |  DEBUG  |  >>>>   Table row no "2", Cell no "4" appended ...  
2023-03-06 17:15:29,365  |  DEBUG  |  >>>>     
2023-03-06 17:15:29,379  |  DEBUG  |  >>>>   Table row no "2", Cell no "5" appended ...  
2023-03-06 17:15:29,381  |  DEBUG  |  >>>>     
2023-03-06 17:15:29,395  |  DEBUG  |  >>>>   Table row no "2", Cell no "6" appended ...  
2023-03-06 17:15:29,396  |  DEBUG  |  >>>>     
2023-03-06 17:15:29,415  |  DEBUG  |  >>>>   Table row no "2", Cell no "7" appended ...  
2023-03-06 17:15:29,417  |  DEBUG  |  >>>>     
2023-03-06 17:15:29,433  |  DEBUG  |  >>>>   Table row no "2", Cell no "8" appended ...  
2023-03-06 17:15:29,434  |  DEBUG  |  >>>>     
2023-03-06 17:15:29,453  |  DEBUG  |  >>>>   Table row no "2", Cell no "9" appended ...  
2023-03-06 17:15:29,454  |  DEBUG  |  >>>>     
2023-03-06 17:15:29,469  |  DEBUG  |  >>>>   Table row no "2", Cell no "10" appended ...  
2023-03-06 17:15:29,470  |  DEBUG  |  >>>>     
2023-03-06 17:15:29,485  |  DEBUG  |  >>>>   Table row no "2", Cell no "11" appended ...  
2023-03-06 17:15:29,486  |  DEBUG  |  >>>>     
2023-03-06 17:15:29,500  |  DEBUG  |  >>>>   Table row no "2", Cell no "12" appended ...  
2023-03-06 17:15:29,502  |  DEBUG  |  >>>>     
2023-03-06 17:15:29,516  |  DEBUG  |  >>>>   Table row no "2", Cell no "13" appended ...  
2023-03-06 17:15:29,517  |  DEBUG  |  >>>>     
2023-03-06 17:15:29,533  |  DEBUG  |  >>>>   Table row no "2", Cell no "14" appended ...  
2023-03-06 17:15:29,535  |  DEBUG  |  >>>>     
2023-03-06 17:15:29,549  |  DEBUG  |  >>>>   Table row no "2", Cell no "15" appended ...  
2023-03-06 17:15:29,551  |  DEBUG  |  >>>>     
2023-03-06 17:15:29,566  |  DEBUG  |  >>>>   Table row no "2", Cell no "16" appended ...  
2023-03-06 17:15:29,567  |  DEBUG  |  >>>>     
2023-03-06 17:15:29,582  |  DEBUG  |  >>>>   Table row no "2", Cell no "17" appended ...  
2023-03-06 17:15:29,583  |  DEBUG  |  >>>>     
2023-03-06 17:15:29,598  |  DEBUG  |  >>>>   Table row no "2", Cell no "18" appended ...  
2023-03-06 17:15:29,599  |  DEBUG  |  >>>>     
2023-03-06 17:15:29,600  |  DEBUG  |  >>>>>>>   Table no 0 <<<<<<    
2023-03-06 17:15:29,601  |  DEBUG  |  >>>>     
2023-03-06 17:15:29,628  |  DEBUG  |  >>>>   Table row no "3", Cell no "1" appended ...  
2023-03-06 17:15:29,629  |  DEBUG  |  >>>>     
2023-03-06 17:15:29,646  |  DEBUG  |  >>>>   Table row no "3", Cell no "2" appended ...  
2023-03-06 17:15:29,647  |  DEBUG  |  >>>>     
2023-03-06 17:15:29,662  |  DEBUG  |  >>>>   Table row no "3", Cell no "3" appended ...  
2023-03-06 17:15:29,663  |  DEBUG  |  >>>>     
2023-03-06 17:15:29,678  |  DEBUG  |  >>>>   Table row no "3", Cell no "4" appended ...  
2023-03-06 17:15:29,679  |  DEBUG  |  >>>>     
2023-03-06 17:15:29,694  |  DEBUG  |  >>>>   Table row no "3", Cell no "5" appended ...  
2023-03-06 17:15:29,695  |  DEBUG  |  >>>>     
2023-03-06 17:15:29,710  |  DEBUG  |  >>>>   Table row no "3", Cell no "6" appended ...  
2023-03-06 17:15:29,712  |  DEBUG  |  >>>>     
2023-03-06 17:15:29,726  |  DEBUG  |  >>>>   Table row no "3", Cell no "7" appended ...  
2023-03-06 17:15:29,727  |  DEBUG  |  >>>>     
2023-03-06 17:15:29,743  |  DEBUG  |  >>>>   Table row no "3", Cell no "8" appended ...  
2023-03-06 17:15:29,744  |  DEBUG  |  >>>>     
2023-03-06 17:15:29,760  |  DEBUG  |  >>>>   Table row no "3", Cell no "9" appended ...  
2023-03-06 17:15:29,760  |  DEBUG  |  >>>>     
2023-03-06 17:15:29,776  |  DEBUG  |  >>>>   Table row no "3", Cell no "10" appended ...  
2023-03-06 17:15:29,777  |  DEBUG  |  >>>>     
2023-03-06 17:15:29,793  |  DEBUG  |  >>>>   Table row no "3", Cell no "11" appended ...  
2023-03-06 17:15:29,794  |  DEBUG  |  >>>>     
2023-03-06 17:15:29,810  |  DEBUG  |  >>>>   Table row no "3", Cell no "12" appended ...  
2023-03-06 17:15:29,811  |  DEBUG  |  >>>>     
2023-03-06 17:15:29,827  |  DEBUG  |  >>>>   Table row no "3", Cell no "13" appended ...  
2023-03-06 17:15:29,827  |  DEBUG  |  >>>>     
2023-03-06 17:15:29,843  |  DEBUG  |  >>>>   Table row no "3", Cell no "14" appended ...  
2023-03-06 17:15:29,845  |  DEBUG  |  >>>>     
2023-03-06 17:15:29,860  |  DEBUG  |  >>>>   Table row no "3", Cell no "15" appended ...  
2023-03-06 17:15:29,861  |  DEBUG  |  >>>>     
2023-03-06 17:15:29,877  |  DEBUG  |  >>>>   Table row no "3", Cell no "16" appended ...  
2023-03-06 17:15:29,878  |  DEBUG  |  >>>>     
2023-03-06 17:15:29,893  |  DEBUG  |  >>>>   Table row no "3", Cell no "17" appended ...  
2023-03-06 17:15:29,894  |  DEBUG  |  >>>>     
2023-03-06 17:15:29,909  |  DEBUG  |  >>>>   Table row no "3", Cell no "18" appended ...  
2023-03-06 17:15:29,910  |  DEBUG  |  >>>>     
2023-03-06 17:15:29,910  |  DEBUG  |  >>>>>>>   Table no 0 <<<<<<    
2023-03-06 17:15:29,911  |  DEBUG  |  >>>>     
2023-03-06 17:15:29,938  |  DEBUG  |  >>>>   Table row no "4", Cell no "1" appended ...  
2023-03-06 17:15:29,939  |  DEBUG  |  >>>>     
2023-03-06 17:15:29,955  |  DEBUG  |  >>>>   Table row no "4", Cell no "2" appended ...  
2023-03-06 17:15:29,955  |  DEBUG  |  >>>>     
2023-03-06 17:15:29,972  |  DEBUG  |  >>>>   Table row no "4", Cell no "3" appended ...  
2023-03-06 17:15:29,973  |  DEBUG  |  >>>>     
2023-03-06 17:15:29,989  |  DEBUG  |  >>>>   Table row no "4", Cell no "4" appended ...  
2023-03-06 17:15:29,989  |  DEBUG  |  >>>>     
2023-03-06 17:15:30,007  |  DEBUG  |  >>>>   Table row no "4", Cell no "5" appended ...  
2023-03-06 17:15:30,008  |  DEBUG  |  >>>>     
2023-03-06 17:15:30,022  |  DEBUG  |  >>>>   Table row no "4", Cell no "6" appended ...  
2023-03-06 17:15:30,023  |  DEBUG  |  >>>>     
2023-03-06 17:15:30,040  |  DEBUG  |  >>>>   Table row no "4", Cell no "7" appended ...  
2023-03-06 17:15:30,041  |  DEBUG  |  >>>>     
2023-03-06 17:15:30,057  |  DEBUG  |  >>>>   Table row no "4", Cell no "8" appended ...  
2023-03-06 17:15:30,058  |  DEBUG  |  >>>>     
2023-03-06 17:15:30,073  |  DEBUG  |  >>>>   Table row no "4", Cell no "9" appended ...  
2023-03-06 17:15:30,073  |  DEBUG  |  >>>>     
2023-03-06 17:15:30,089  |  DEBUG  |  >>>>   Table row no "4", Cell no "10" appended ...  
2023-03-06 17:15:30,090  |  DEBUG  |  >>>>     
2023-03-06 17:15:30,106  |  DEBUG  |  >>>>   Table row no "4", Cell no "11" appended ...  
2023-03-06 17:15:30,107  |  DEBUG  |  >>>>     
2023-03-06 17:15:30,123  |  DEBUG  |  >>>>   Table row no "4", Cell no "12" appended ...  
2023-03-06 17:15:30,124  |  DEBUG  |  >>>>     
2023-03-06 17:15:30,142  |  DEBUG  |  >>>>   Table row no "4", Cell no "13" appended ...  
2023-03-06 17:15:30,143  |  DEBUG  |  >>>>     
2023-03-06 17:15:30,159  |  DEBUG  |  >>>>   Table row no "4", Cell no "14" appended ...  
2023-03-06 17:15:30,160  |  DEBUG  |  >>>>     
2023-03-06 17:15:30,176  |  DEBUG  |  >>>>   Table row no "4", Cell no "15" appended ...  
2023-03-06 17:15:30,177  |  DEBUG  |  >>>>     
2023-03-06 17:15:30,195  |  DEBUG  |  >>>>   Table row no "4", Cell no "16" appended ...  
2023-03-06 17:15:30,196  |  DEBUG  |  >>>>     
2023-03-06 17:15:30,217  |  DEBUG  |  >>>>   Table row no "4", Cell no "17" appended ...  
2023-03-06 17:15:30,218  |  DEBUG  |  >>>>     
2023-03-06 17:15:30,238  |  DEBUG  |  >>>>   Table row no "4", Cell no "18" appended ...  
2023-03-06 17:15:30,238  |  DEBUG  |  >>>>     
2023-03-06 17:15:30,239  |  DEBUG  |  >>>>>>>   Table no 0 <<<<<<    
2023-03-06 17:15:30,239  |  DEBUG  |  >>>>     
2023-03-06 17:15:30,276  |  DEBUG  |  >>>>   Table row no "5", Cell no "1" appended ...  
2023-03-06 17:15:30,277  |  DEBUG  |  >>>>     
2023-03-06 17:15:30,293  |  DEBUG  |  >>>>   Table row no "5", Cell no "2" appended ...  
2023-03-06 17:15:30,294  |  DEBUG  |  >>>>     
2023-03-06 17:15:30,312  |  DEBUG  |  >>>>   Table row no "5", Cell no "3" appended ...  
2023-03-06 17:15:30,314  |  DEBUG  |  >>>>     
2023-03-06 17:15:30,327  |  DEBUG  |  >>>>   Table row no "5", Cell no "4" appended ...  
2023-03-06 17:15:30,329  |  DEBUG  |  >>>>     
2023-03-06 17:15:30,344  |  DEBUG  |  >>>>   Table row no "5", Cell no "5" appended ...  
2023-03-06 17:15:30,346  |  DEBUG  |  >>>>     
2023-03-06 17:15:30,362  |  DEBUG  |  >>>>   Table row no "5", Cell no "6" appended ...  
2023-03-06 17:15:30,363  |  DEBUG  |  >>>>     
2023-03-06 17:15:30,379  |  DEBUG  |  >>>>   Table row no "5", Cell no "7" appended ...  
2023-03-06 17:15:30,381  |  DEBUG  |  >>>>     
2023-03-06 17:15:30,398  |  DEBUG  |  >>>>   Table row no "5", Cell no "8" appended ...  
2023-03-06 17:15:30,398  |  DEBUG  |  >>>>     
2023-03-06 17:15:30,414  |  DEBUG  |  >>>>   Table row no "5", Cell no "9" appended ...  
2023-03-06 17:15:30,415  |  DEBUG  |  >>>>     
2023-03-06 17:15:30,432  |  DEBUG  |  >>>>   Table row no "5", Cell no "10" appended ...  
2023-03-06 17:15:30,433  |  DEBUG  |  >>>>     
2023-03-06 17:15:30,447  |  DEBUG  |  >>>>   Table row no "5", Cell no "11" appended ...  
2023-03-06 17:15:30,448  |  DEBUG  |  >>>>     
2023-03-06 17:15:30,467  |  DEBUG  |  >>>>   Table row no "5", Cell no "12" appended ...  
2023-03-06 17:15:30,468  |  DEBUG  |  >>>>     
2023-03-06 17:15:30,484  |  DEBUG  |  >>>>   Table row no "5", Cell no "13" appended ...  
2023-03-06 17:15:30,485  |  DEBUG  |  >>>>     
2023-03-06 17:15:30,502  |  DEBUG  |  >>>>   Table row no "5", Cell no "14" appended ...  
2023-03-06 17:15:30,503  |  DEBUG  |  >>>>     
2023-03-06 17:15:30,521  |  DEBUG  |  >>>>   Table row no "5", Cell no "15" appended ...  
2023-03-06 17:15:30,521  |  DEBUG  |  >>>>     
2023-03-06 17:15:30,539  |  DEBUG  |  >>>>   Table row no "5", Cell no "16" appended ...  
2023-03-06 17:15:30,540  |  DEBUG  |  >>>>     
2023-03-06 17:15:30,555  |  DEBUG  |  >>>>   Table row no "5", Cell no "17" appended ...  
2023-03-06 17:15:30,556  |  DEBUG  |  >>>>     
2023-03-06 17:15:30,572  |  DEBUG  |  >>>>   Table row no "5", Cell no "18" appended ...  
2023-03-06 17:15:30,573  |  DEBUG  |  >>>>     
2023-03-06 17:15:30,574  |  DEBUG  |  >>>>>>>   Table no 0 <<<<<<    
2023-03-06 17:15:30,575  |  DEBUG  |  >>>>     
2023-03-06 17:15:30,603  |  DEBUG  |  >>>>   Table row no "6", Cell no "1" appended ...  
2023-03-06 17:15:30,604  |  DEBUG  |  >>>>     
2023-03-06 17:15:30,620  |  DEBUG  |  >>>>   Table row no "6", Cell no "2" appended ...  
2023-03-06 17:15:30,622  |  DEBUG  |  >>>>     
2023-03-06 17:15:30,638  |  DEBUG  |  >>>>   Table row no "6", Cell no "3" appended ...  
2023-03-06 17:15:30,639  |  DEBUG  |  >>>>     
2023-03-06 17:15:30,654  |  DEBUG  |  >>>>   Table row no "6", Cell no "4" appended ...  
2023-03-06 17:15:30,655  |  DEBUG  |  >>>>     
2023-03-06 17:15:30,672  |  DEBUG  |  >>>>   Table row no "6", Cell no "5" appended ...  
2023-03-06 17:15:30,673  |  DEBUG  |  >>>>     
2023-03-06 17:15:30,690  |  DEBUG  |  >>>>   Table row no "6", Cell no "6" appended ...  
2023-03-06 17:15:30,692  |  DEBUG  |  >>>>     
2023-03-06 17:15:30,709  |  DEBUG  |  >>>>   Table row no "6", Cell no "7" appended ...  
2023-03-06 17:15:30,710  |  DEBUG  |  >>>>     
2023-03-06 17:15:30,725  |  DEBUG  |  >>>>   Table row no "6", Cell no "8" appended ...  
2023-03-06 17:15:30,726  |  DEBUG  |  >>>>     
2023-03-06 17:15:30,744  |  DEBUG  |  >>>>   Table row no "6", Cell no "9" appended ...  
2023-03-06 17:15:30,744  |  DEBUG  |  >>>>     
2023-03-06 17:15:30,761  |  DEBUG  |  >>>>   Table row no "6", Cell no "10" appended ...  
2023-03-06 17:15:30,762  |  DEBUG  |  >>>>     
2023-03-06 17:15:30,777  |  DEBUG  |  >>>>   Table row no "6", Cell no "11" appended ...  
2023-03-06 17:15:30,778  |  DEBUG  |  >>>>     
2023-03-06 17:15:30,795  |  DEBUG  |  >>>>   Table row no "6", Cell no "12" appended ...  
2023-03-06 17:15:30,796  |  DEBUG  |  >>>>     
2023-03-06 17:15:30,813  |  DEBUG  |  >>>>   Table row no "6", Cell no "13" appended ...  
2023-03-06 17:15:30,814  |  DEBUG  |  >>>>     
2023-03-06 17:15:30,828  |  DEBUG  |  >>>>   Table row no "6", Cell no "14" appended ...  
2023-03-06 17:15:30,830  |  DEBUG  |  >>>>     
2023-03-06 17:15:30,847  |  DEBUG  |  >>>>   Table row no "6", Cell no "15" appended ...  
2023-03-06 17:15:30,848  |  DEBUG  |  >>>>     
2023-03-06 17:15:30,867  |  DEBUG  |  >>>>   Table row no "6", Cell no "16" appended ...  
2023-03-06 17:15:30,868  |  DEBUG  |  >>>>     
2023-03-06 17:15:30,883  |  DEBUG  |  >>>>   Table row no "6", Cell no "17" appended ...  
2023-03-06 17:15:30,884  |  DEBUG  |  >>>>     
2023-03-06 17:15:30,900  |  DEBUG  |  >>>>   Table row no "6", Cell no "18" appended ...  
2023-03-06 17:15:30,902  |  DEBUG  |  >>>>     
2023-03-06 17:15:30,903  |  DEBUG  |  >>>>>>>   Table no 0 <<<<<<    
2023-03-06 17:15:30,904  |  DEBUG  |  >>>>     
2023-03-06 17:15:30,931  |  DEBUG  |  >>>>   Table row no "7", Cell no "1" appended ...  
2023-03-06 17:15:30,932  |  DEBUG  |  >>>>     
2023-03-06 17:15:30,955  |  DEBUG  |  >>>>   Table row no "7", Cell no "2" appended ...  
2023-03-06 17:15:30,956  |  DEBUG  |  >>>>     
2023-03-06 17:15:30,975  |  DEBUG  |  >>>>   Table row no "7", Cell no "3" appended ...  
2023-03-06 17:15:30,976  |  DEBUG  |  >>>>     
2023-03-06 17:15:30,991  |  DEBUG  |  >>>>   Table row no "7", Cell no "4" appended ...  
2023-03-06 17:15:30,992  |  DEBUG  |  >>>>     
2023-03-06 17:15:31,009  |  DEBUG  |  >>>>   Table row no "7", Cell no "5" appended ...  
2023-03-06 17:15:31,010  |  DEBUG  |  >>>>     
2023-03-06 17:15:31,026  |  DEBUG  |  >>>>   Table row no "7", Cell no "6" appended ...  
2023-03-06 17:15:31,027  |  DEBUG  |  >>>>     
2023-03-06 17:15:31,044  |  DEBUG  |  >>>>   Table row no "7", Cell no "7" appended ...  
2023-03-06 17:15:31,044  |  DEBUG  |  >>>>     
2023-03-06 17:15:31,060  |  DEBUG  |  >>>>   Table row no "7", Cell no "8" appended ...  
2023-03-06 17:15:31,060  |  DEBUG  |  >>>>     
2023-03-06 17:15:31,077  |  DEBUG  |  >>>>   Table row no "7", Cell no "9" appended ...  
2023-03-06 17:15:31,078  |  DEBUG  |  >>>>     
2023-03-06 17:15:31,094  |  DEBUG  |  >>>>   Table row no "7", Cell no "10" appended ...  
2023-03-06 17:15:31,096  |  DEBUG  |  >>>>     
2023-03-06 17:15:31,110  |  DEBUG  |  >>>>   Table row no "7", Cell no "11" appended ...  
2023-03-06 17:15:31,112  |  DEBUG  |  >>>>     
2023-03-06 17:15:31,131  |  DEBUG  |  >>>>   Table row no "7", Cell no "12" appended ...  
2023-03-06 17:15:31,132  |  DEBUG  |  >>>>     
2023-03-06 17:15:31,148  |  DEBUG  |  >>>>   Table row no "7", Cell no "13" appended ...  
2023-03-06 17:15:31,149  |  DEBUG  |  >>>>     
2023-03-06 17:15:31,166  |  DEBUG  |  >>>>   Table row no "7", Cell no "14" appended ...  
2023-03-06 17:15:31,167  |  DEBUG  |  >>>>     
2023-03-06 17:15:31,183  |  DEBUG  |  >>>>   Table row no "7", Cell no "15" appended ...  
2023-03-06 17:15:31,184  |  DEBUG  |  >>>>     
2023-03-06 17:15:31,199  |  DEBUG  |  >>>>   Table row no "7", Cell no "16" appended ...  
2023-03-06 17:15:31,200  |  DEBUG  |  >>>>     
2023-03-06 17:15:31,221  |  DEBUG  |  >>>>   Table row no "7", Cell no "17" appended ...  
2023-03-06 17:15:31,221  |  DEBUG  |  >>>>     
2023-03-06 17:15:31,238  |  DEBUG  |  >>>>   Table row no "7", Cell no "18" appended ...  
2023-03-06 17:15:31,239  |  DEBUG  |  >>>>     
2023-03-06 17:15:31,240  |  DEBUG  |  >>>>>>>   Table no 0 <<<<<<    
2023-03-06 17:15:31,240  |  DEBUG  |  >>>>     
2023-03-06 17:15:31,270  |  DEBUG  |  >>>>   Table row no "8", Cell no "1" appended ...  
2023-03-06 17:15:31,271  |  DEBUG  |  >>>>     
2023-03-06 17:15:31,289  |  DEBUG  |  >>>>   Table row no "8", Cell no "2" appended ...  
2023-03-06 17:15:31,290  |  DEBUG  |  >>>>     
2023-03-06 17:15:31,312  |  DEBUG  |  >>>>   Table row no "8", Cell no "3" appended ...  
2023-03-06 17:15:31,312  |  DEBUG  |  >>>>     
2023-03-06 17:15:31,332  |  DEBUG  |  >>>>   Table row no "8", Cell no "4" appended ...  
2023-03-06 17:15:31,333  |  DEBUG  |  >>>>     
2023-03-06 17:15:31,352  |  DEBUG  |  >>>>   Table row no "8", Cell no "5" appended ...  
2023-03-06 17:15:31,353  |  DEBUG  |  >>>>     
2023-03-06 17:15:31,372  |  DEBUG  |  >>>>   Table row no "8", Cell no "6" appended ...  
2023-03-06 17:15:31,372  |  DEBUG  |  >>>>     
2023-03-06 17:15:31,389  |  DEBUG  |  >>>>   Table row no "8", Cell no "7" appended ...  
2023-03-06 17:15:31,390  |  DEBUG  |  >>>>     
2023-03-06 17:15:31,408  |  DEBUG  |  >>>>   Table row no "8", Cell no "8" appended ...  
2023-03-06 17:15:31,409  |  DEBUG  |  >>>>     
2023-03-06 17:15:31,425  |  DEBUG  |  >>>>   Table row no "8", Cell no "9" appended ...  
2023-03-06 17:15:31,426  |  DEBUG  |  >>>>     
2023-03-06 17:15:31,443  |  DEBUG  |  >>>>   Table row no "8", Cell no "10" appended ...  
2023-03-06 17:15:31,444  |  DEBUG  |  >>>>     
2023-03-06 17:15:31,461  |  DEBUG  |  >>>>   Table row no "8", Cell no "11" appended ...  
2023-03-06 17:15:31,461  |  DEBUG  |  >>>>     
2023-03-06 17:15:31,479  |  DEBUG  |  >>>>   Table row no "8", Cell no "12" appended ...  
2023-03-06 17:15:31,480  |  DEBUG  |  >>>>     
2023-03-06 17:15:31,497  |  DEBUG  |  >>>>   Table row no "8", Cell no "13" appended ...  
2023-03-06 17:15:31,498  |  DEBUG  |  >>>>     
2023-03-06 17:15:31,515  |  DEBUG  |  >>>>   Table row no "8", Cell no "14" appended ...  
2023-03-06 17:15:31,517  |  DEBUG  |  >>>>     
2023-03-06 17:15:31,533  |  DEBUG  |  >>>>   Table row no "8", Cell no "15" appended ...  
2023-03-06 17:15:31,534  |  DEBUG  |  >>>>     
2023-03-06 17:15:31,551  |  DEBUG  |  >>>>   Table row no "8", Cell no "16" appended ...  
2023-03-06 17:15:31,552  |  DEBUG  |  >>>>     
2023-03-06 17:15:31,568  |  DEBUG  |  >>>>   Table row no "8", Cell no "17" appended ...  
2023-03-06 17:15:31,569  |  DEBUG  |  >>>>     
2023-03-06 17:15:31,584  |  DEBUG  |  >>>>   Table row no "8", Cell no "18" appended ...  
2023-03-06 17:15:31,585  |  DEBUG  |  >>>>     
2023-03-06 17:15:31,586  |  DEBUG  |  >>>>>>>   Table no 0 <<<<<<    
2023-03-06 17:15:31,586  |  DEBUG  |  >>>>     
2023-03-06 17:15:31,615  |  DEBUG  |  >>>>   Table row no "9", Cell no "1" appended ...  
2023-03-06 17:15:31,616  |  DEBUG  |  >>>>     
2023-03-06 17:15:31,632  |  DEBUG  |  >>>>   Table row no "9", Cell no "2" appended ...  
2023-03-06 17:15:31,633  |  DEBUG  |  >>>>     
2023-03-06 17:15:31,651  |  DEBUG  |  >>>>   Table row no "9", Cell no "3" appended ...  
2023-03-06 17:15:31,652  |  DEBUG  |  >>>>     
2023-03-06 17:15:31,669  |  DEBUG  |  >>>>   Table row no "9", Cell no "4" appended ...  
2023-03-06 17:15:31,670  |  DEBUG  |  >>>>     
2023-03-06 17:15:31,687  |  DEBUG  |  >>>>   Table row no "9", Cell no "5" appended ...  
2023-03-06 17:15:31,688  |  DEBUG  |  >>>>     
2023-03-06 17:15:31,706  |  DEBUG  |  >>>>   Table row no "9", Cell no "6" appended ...  
2023-03-06 17:15:31,707  |  DEBUG  |  >>>>     
2023-03-06 17:15:31,724  |  DEBUG  |  >>>>   Table row no "9", Cell no "7" appended ...  
2023-03-06 17:15:31,725  |  DEBUG  |  >>>>     
2023-03-06 17:15:31,742  |  DEBUG  |  >>>>   Table row no "9", Cell no "8" appended ...  
2023-03-06 17:15:31,743  |  DEBUG  |  >>>>     
2023-03-06 17:15:31,761  |  DEBUG  |  >>>>   Table row no "9", Cell no "9" appended ...  
2023-03-06 17:15:31,762  |  DEBUG  |  >>>>     
2023-03-06 17:15:31,779  |  DEBUG  |  >>>>   Table row no "9", Cell no "10" appended ...  
2023-03-06 17:15:31,780  |  DEBUG  |  >>>>     
2023-03-06 17:15:31,797  |  DEBUG  |  >>>>   Table row no "9", Cell no "11" appended ...  
2023-03-06 17:15:31,799  |  DEBUG  |  >>>>     
2023-03-06 17:15:31,815  |  DEBUG  |  >>>>   Table row no "9", Cell no "12" appended ...  
2023-03-06 17:15:31,816  |  DEBUG  |  >>>>     
2023-03-06 17:15:31,833  |  DEBUG  |  >>>>   Table row no "9", Cell no "13" appended ...  
2023-03-06 17:15:31,834  |  DEBUG  |  >>>>     
2023-03-06 17:15:31,850  |  DEBUG  |  >>>>   Table row no "9", Cell no "14" appended ...  
2023-03-06 17:15:31,851  |  DEBUG  |  >>>>     
2023-03-06 17:15:31,867  |  DEBUG  |  >>>>   Table row no "9", Cell no "15" appended ...  
2023-03-06 17:15:31,868  |  DEBUG  |  >>>>     
2023-03-06 17:15:31,883  |  DEBUG  |  >>>>   Table row no "9", Cell no "16" appended ...  
2023-03-06 17:15:31,884  |  DEBUG  |  >>>>     
2023-03-06 17:15:31,902  |  DEBUG  |  >>>>   Table row no "9", Cell no "17" appended ...  
2023-03-06 17:15:31,903  |  DEBUG  |  >>>>     
2023-03-06 17:15:31,921  |  DEBUG  |  >>>>   Table row no "9", Cell no "18" appended ...  
2023-03-06 17:15:31,921  |  DEBUG  |  >>>>     
2023-03-06 17:15:31,922  |  DEBUG  |  >>>>>>>   Table no 0 <<<<<<    
2023-03-06 17:15:31,923  |  DEBUG  |  >>>>     
2023-03-06 17:15:31,954  |  DEBUG  |  >>>>   Table row no "10", Cell no "1" appended ...  
2023-03-06 17:15:31,955  |  DEBUG  |  >>>>     
2023-03-06 17:15:31,970  |  DEBUG  |  >>>>   Table row no "10", Cell no "2" appended ...  
2023-03-06 17:15:31,972  |  DEBUG  |  >>>>     
2023-03-06 17:15:31,991  |  DEBUG  |  >>>>   Table row no "10", Cell no "3" appended ...  
2023-03-06 17:15:31,992  |  DEBUG  |  >>>>     
2023-03-06 17:15:32,007  |  DEBUG  |  >>>>   Table row no "10", Cell no "4" appended ...  
2023-03-06 17:15:32,009  |  DEBUG  |  >>>>     
2023-03-06 17:15:32,024  |  DEBUG  |  >>>>   Table row no "10", Cell no "5" appended ...  
2023-03-06 17:15:32,025  |  DEBUG  |  >>>>     
2023-03-06 17:15:32,040  |  DEBUG  |  >>>>   Table row no "10", Cell no "6" appended ...  
2023-03-06 17:15:32,043  |  DEBUG  |  >>>>     
2023-03-06 17:15:32,059  |  DEBUG  |  >>>>   Table row no "10", Cell no "7" appended ...  
2023-03-06 17:15:32,060  |  DEBUG  |  >>>>     
2023-03-06 17:15:32,082  |  DEBUG  |  >>>>   Table row no "10", Cell no "8" appended ...  
2023-03-06 17:15:32,083  |  DEBUG  |  >>>>     
2023-03-06 17:15:32,100  |  DEBUG  |  >>>>   Table row no "10", Cell no "9" appended ...  
2023-03-06 17:15:32,101  |  DEBUG  |  >>>>     
2023-03-06 17:15:32,120  |  DEBUG  |  >>>>   Table row no "10", Cell no "10" appended ...  
2023-03-06 17:15:32,121  |  DEBUG  |  >>>>     
2023-03-06 17:15:32,139  |  DEBUG  |  >>>>   Table row no "10", Cell no "11" appended ...  
2023-03-06 17:15:32,139  |  DEBUG  |  >>>>     
2023-03-06 17:15:32,157  |  DEBUG  |  >>>>   Table row no "10", Cell no "12" appended ...  
2023-03-06 17:15:32,158  |  DEBUG  |  >>>>     
2023-03-06 17:15:32,176  |  DEBUG  |  >>>>   Table row no "10", Cell no "13" appended ...  
2023-03-06 17:15:32,177  |  DEBUG  |  >>>>     
2023-03-06 17:15:32,193  |  DEBUG  |  >>>>   Table row no "10", Cell no "14" appended ...  
2023-03-06 17:15:32,194  |  DEBUG  |  >>>>     
2023-03-06 17:15:32,210  |  DEBUG  |  >>>>   Table row no "10", Cell no "15" appended ...  
2023-03-06 17:15:32,210  |  DEBUG  |  >>>>     
2023-03-06 17:15:32,226  |  DEBUG  |  >>>>   Table row no "10", Cell no "16" appended ...  
2023-03-06 17:15:32,227  |  DEBUG  |  >>>>     
2023-03-06 17:15:32,244  |  DEBUG  |  >>>>   Table row no "10", Cell no "17" appended ...  
2023-03-06 17:15:32,244  |  DEBUG  |  >>>>     
2023-03-06 17:15:32,263  |  DEBUG  |  >>>>   Table row no "10", Cell no "18" appended ...  
2023-03-06 17:15:32,264  |  DEBUG  |  >>>>     
2023-03-06 17:15:32,265  |  DEBUG  |  >>>>>>>   Table no 0 <<<<<<    
2023-03-06 17:15:32,266  |  DEBUG  |  >>>>     
2023-03-06 17:15:32,295  |  DEBUG  |  >>>>   Table row no "11", Cell no "1" appended ...  
2023-03-06 17:15:32,296  |  DEBUG  |  >>>>     
2023-03-06 17:15:32,313  |  DEBUG  |  >>>>   Table row no "11", Cell no "2" appended ...  
2023-03-06 17:15:32,314  |  DEBUG  |  >>>>     
2023-03-06 17:15:32,344  |  DEBUG  |  >>>>   Table row no "11", Cell no "3" appended ...  
2023-03-06 17:15:32,348  |  DEBUG  |  >>>>     
2023-03-06 17:15:32,372  |  DEBUG  |  >>>>   Table row no "11", Cell no "4" appended ...  
2023-03-06 17:15:32,373  |  DEBUG  |  >>>>     
2023-03-06 17:15:32,395  |  DEBUG  |  >>>>   Table row no "11", Cell no "5" appended ...  
2023-03-06 17:15:32,395  |  DEBUG  |  >>>>     
2023-03-06 17:15:32,413  |  DEBUG  |  >>>>   Table row no "11", Cell no "6" appended ...  
2023-03-06 17:15:32,415  |  DEBUG  |  >>>>     
2023-03-06 17:15:32,433  |  DEBUG  |  >>>>   Table row no "11", Cell no "7" appended ...  
2023-03-06 17:15:32,435  |  DEBUG  |  >>>>     
2023-03-06 17:15:32,457  |  DEBUG  |  >>>>   Table row no "11", Cell no "8" appended ...  
2023-03-06 17:15:32,458  |  DEBUG  |  >>>>     
2023-03-06 17:15:32,475  |  DEBUG  |  >>>>   Table row no "11", Cell no "9" appended ...  
2023-03-06 17:15:32,476  |  DEBUG  |  >>>>     
2023-03-06 17:15:32,492  |  DEBUG  |  >>>>   Table row no "11", Cell no "10" appended ...  
2023-03-06 17:15:32,493  |  DEBUG  |  >>>>     
2023-03-06 17:15:32,510  |  DEBUG  |  >>>>   Table row no "11", Cell no "11" appended ...  
2023-03-06 17:15:32,510  |  DEBUG  |  >>>>     
2023-03-06 17:15:32,528  |  DEBUG  |  >>>>   Table row no "11", Cell no "12" appended ...  
2023-03-06 17:15:32,529  |  DEBUG  |  >>>>     
2023-03-06 17:15:32,545  |  DEBUG  |  >>>>   Table row no "11", Cell no "13" appended ...  
2023-03-06 17:15:32,546  |  DEBUG  |  >>>>     
2023-03-06 17:15:32,563  |  DEBUG  |  >>>>   Table row no "11", Cell no "14" appended ...  
2023-03-06 17:15:32,564  |  DEBUG  |  >>>>     
2023-03-06 17:15:32,580  |  DEBUG  |  >>>>   Table row no "11", Cell no "15" appended ...  
2023-03-06 17:15:32,582  |  DEBUG  |  >>>>     
2023-03-06 17:15:32,598  |  DEBUG  |  >>>>   Table row no "11", Cell no "16" appended ...  
2023-03-06 17:15:32,599  |  DEBUG  |  >>>>     
2023-03-06 17:15:32,615  |  DEBUG  |  >>>>   Table row no "11", Cell no "17" appended ...  
2023-03-06 17:15:32,616  |  DEBUG  |  >>>>     
2023-03-06 17:15:32,633  |  DEBUG  |  >>>>   Table row no "11", Cell no "18" appended ...  
2023-03-06 17:15:32,635  |  DEBUG  |  >>>>     
2023-03-06 17:15:32,636  |  DEBUG  |  >>>>>>>   Table no 0 <<<<<<    
2023-03-06 17:15:32,636  |  DEBUG  |  >>>>     
2023-03-06 17:15:32,664  |  DEBUG  |  >>>>   Table row no "12", Cell no "1" appended ...  
2023-03-06 17:15:32,665  |  DEBUG  |  >>>>     
2023-03-06 17:15:32,683  |  DEBUG  |  >>>>   Table row no "12", Cell no "2" appended ...  
2023-03-06 17:15:32,684  |  DEBUG  |  >>>>     
2023-03-06 17:15:32,702  |  DEBUG  |  >>>>   Table row no "12", Cell no "3" appended ...  
2023-03-06 17:15:32,703  |  DEBUG  |  >>>>     
2023-03-06 17:15:32,720  |  DEBUG  |  >>>>   Table row no "12", Cell no "4" appended ...  
2023-03-06 17:15:32,721  |  DEBUG  |  >>>>     
2023-03-06 17:15:32,738  |  DEBUG  |  >>>>   Table row no "12", Cell no "5" appended ...  
2023-03-06 17:15:32,738  |  DEBUG  |  >>>>     
2023-03-06 17:15:32,762  |  DEBUG  |  >>>>   Table row no "12", Cell no "6" appended ...  
2023-03-06 17:15:32,763  |  DEBUG  |  >>>>     
2023-03-06 17:15:32,779  |  DEBUG  |  >>>>   Table row no "12", Cell no "7" appended ...  
2023-03-06 17:15:32,780  |  DEBUG  |  >>>>     
2023-03-06 17:15:32,798  |  DEBUG  |  >>>>   Table row no "12", Cell no "8" appended ...  
2023-03-06 17:15:32,799  |  DEBUG  |  >>>>     
2023-03-06 17:15:32,815  |  DEBUG  |  >>>>   Table row no "12", Cell no "9" appended ...  
2023-03-06 17:15:32,816  |  DEBUG  |  >>>>     
2023-03-06 17:15:32,832  |  DEBUG  |  >>>>   Table row no "12", Cell no "10" appended ...  
2023-03-06 17:15:32,832  |  DEBUG  |  >>>>     
2023-03-06 17:15:32,850  |  DEBUG  |  >>>>   Table row no "12", Cell no "11" appended ...  
2023-03-06 17:15:32,851  |  DEBUG  |  >>>>     
2023-03-06 17:15:32,868  |  DEBUG  |  >>>>   Table row no "12", Cell no "12" appended ...  
2023-03-06 17:15:32,868  |  DEBUG  |  >>>>     
2023-03-06 17:15:32,886  |  DEBUG  |  >>>>   Table row no "12", Cell no "13" appended ...  
2023-03-06 17:15:32,887  |  DEBUG  |  >>>>     
2023-03-06 17:15:32,904  |  DEBUG  |  >>>>   Table row no "12", Cell no "14" appended ...  
2023-03-06 17:15:32,905  |  DEBUG  |  >>>>     
2023-03-06 17:15:32,923  |  DEBUG  |  >>>>   Table row no "12", Cell no "15" appended ...  
2023-03-06 17:15:32,925  |  DEBUG  |  >>>>     
2023-03-06 17:15:32,942  |  DEBUG  |  >>>>   Table row no "12", Cell no "16" appended ...  
2023-03-06 17:15:32,943  |  DEBUG  |  >>>>     
2023-03-06 17:15:32,962  |  DEBUG  |  >>>>   Table row no "12", Cell no "17" appended ...  
2023-03-06 17:15:32,963  |  DEBUG  |  >>>>     
2023-03-06 17:15:32,982  |  DEBUG  |  >>>>   Table row no "12", Cell no "18" appended ...  
2023-03-06 17:15:32,983  |  DEBUG  |  >>>>     
2023-03-06 17:15:32,984  |  DEBUG  |  >>>>>>>   Table no 0 <<<<<<    
2023-03-06 17:15:32,985  |  DEBUG  |  >>>>     
2023-03-06 17:15:33,012  |  DEBUG  |  >>>>   Table row no "13", Cell no "1" appended ...  
2023-03-06 17:15:33,013  |  DEBUG  |  >>>>     
2023-03-06 17:15:33,030  |  DEBUG  |  >>>>   Table row no "13", Cell no "2" appended ...  
2023-03-06 17:15:33,032  |  DEBUG  |  >>>>     
2023-03-06 17:15:33,053  |  DEBUG  |  >>>>   Table row no "13", Cell no "3" appended ...  
2023-03-06 17:15:33,053  |  DEBUG  |  >>>>     
2023-03-06 17:15:33,071  |  DEBUG  |  >>>>   Table row no "13", Cell no "4" appended ...  
2023-03-06 17:15:33,072  |  DEBUG  |  >>>>     
2023-03-06 17:15:33,092  |  DEBUG  |  >>>>   Table row no "13", Cell no "5" appended ...  
2023-03-06 17:15:33,094  |  DEBUG  |  >>>>     
2023-03-06 17:15:33,110  |  DEBUG  |  >>>>   Table row no "13", Cell no "6" appended ...  
2023-03-06 17:15:33,110  |  DEBUG  |  >>>>     
2023-03-06 17:15:33,130  |  DEBUG  |  >>>>   Table row no "13", Cell no "7" appended ...  
2023-03-06 17:15:33,132  |  DEBUG  |  >>>>     
2023-03-06 17:15:33,150  |  DEBUG  |  >>>>   Table row no "13", Cell no "8" appended ...  
2023-03-06 17:15:33,150  |  DEBUG  |  >>>>     
2023-03-06 17:15:33,169  |  DEBUG  |  >>>>   Table row no "13", Cell no "9" appended ...  
2023-03-06 17:15:33,170  |  DEBUG  |  >>>>     
2023-03-06 17:15:33,188  |  DEBUG  |  >>>>   Table row no "13", Cell no "10" appended ...  
2023-03-06 17:15:33,189  |  DEBUG  |  >>>>     
2023-03-06 17:15:33,222  |  DEBUG  |  >>>>   Table row no "13", Cell no "11" appended ...  
2023-03-06 17:15:33,223  |  DEBUG  |  >>>>     
2023-03-06 17:15:33,244  |  DEBUG  |  >>>>   Table row no "13", Cell no "12" appended ...  
2023-03-06 17:15:33,245  |  DEBUG  |  >>>>     
2023-03-06 17:15:33,277  |  DEBUG  |  >>>>   Table row no "13", Cell no "13" appended ...  
2023-03-06 17:15:33,278  |  DEBUG  |  >>>>     
2023-03-06 17:15:33,303  |  DEBUG  |  >>>>   Table row no "13", Cell no "14" appended ...  
2023-03-06 17:15:33,304  |  DEBUG  |  >>>>     
2023-03-06 17:15:33,322  |  DEBUG  |  >>>>   Table row no "13", Cell no "15" appended ...  
2023-03-06 17:15:33,323  |  DEBUG  |  >>>>     
2023-03-06 17:15:33,352  |  DEBUG  |  >>>>   Table row no "13", Cell no "16" appended ...  
2023-03-06 17:15:33,354  |  DEBUG  |  >>>>     
2023-03-06 17:15:33,375  |  DEBUG  |  >>>>   Table row no "13", Cell no "17" appended ...  
2023-03-06 17:15:33,376  |  DEBUG  |  >>>>     
2023-03-06 17:15:33,397  |  DEBUG  |  >>>>   Table row no "13", Cell no "18" appended ...  
2023-03-06 17:15:33,398  |  DEBUG  |  >>>>     
2023-03-06 17:15:33,399  |  DEBUG  |  >>>>>>>   Table no 0 <<<<<<    
2023-03-06 17:15:33,399  |  DEBUG  |  >>>>     
2023-03-06 17:15:33,429  |  DEBUG  |  >>>>   Table row no "14", Cell no "1" appended ...  
2023-03-06 17:15:33,430  |  DEBUG  |  >>>>     
2023-03-06 17:15:33,450  |  DEBUG  |  >>>>   Table row no "14", Cell no "2" appended ...  
2023-03-06 17:15:33,450  |  DEBUG  |  >>>>     
2023-03-06 17:15:33,469  |  DEBUG  |  >>>>   Table row no "14", Cell no "3" appended ...  
2023-03-06 17:15:33,470  |  DEBUG  |  >>>>     
2023-03-06 17:15:33,488  |  DEBUG  |  >>>>   Table row no "14", Cell no "4" appended ...  
2023-03-06 17:15:33,489  |  DEBUG  |  >>>>     
2023-03-06 17:15:33,508  |  DEBUG  |  >>>>   Table row no "14", Cell no "5" appended ...  
2023-03-06 17:15:33,509  |  DEBUG  |  >>>>     
2023-03-06 17:15:33,528  |  DEBUG  |  >>>>   Table row no "14", Cell no "6" appended ...  
2023-03-06 17:15:33,528  |  DEBUG  |  >>>>     
2023-03-06 17:15:33,546  |  DEBUG  |  >>>>   Table row no "14", Cell no "7" appended ...  
2023-03-06 17:15:33,548  |  DEBUG  |  >>>>     
2023-03-06 17:15:33,564  |  DEBUG  |  >>>>   Table row no "14", Cell no "8" appended ...  
2023-03-06 17:15:33,565  |  DEBUG  |  >>>>     
2023-03-06 17:15:33,584  |  DEBUG  |  >>>>   Table row no "14", Cell no "9" appended ...  
2023-03-06 17:15:33,585  |  DEBUG  |  >>>>     
2023-03-06 17:15:33,602  |  DEBUG  |  >>>>   Table row no "14", Cell no "10" appended ...  
2023-03-06 17:15:33,603  |  DEBUG  |  >>>>     
2023-03-06 17:15:33,621  |  DEBUG  |  >>>>   Table row no "14", Cell no "11" appended ...  
2023-03-06 17:15:33,622  |  DEBUG  |  >>>>     
2023-03-06 17:15:33,639  |  DEBUG  |  >>>>   Table row no "14", Cell no "12" appended ...  
2023-03-06 17:15:33,639  |  DEBUG  |  >>>>     
2023-03-06 17:15:33,657  |  DEBUG  |  >>>>   Table row no "14", Cell no "13" appended ...  
2023-03-06 17:15:33,658  |  DEBUG  |  >>>>     
2023-03-06 17:15:33,676  |  DEBUG  |  >>>>   Table row no "14", Cell no "14" appended ...  
2023-03-06 17:15:33,676  |  DEBUG  |  >>>>     
2023-03-06 17:15:33,693  |  DEBUG  |  >>>>   Table row no "14", Cell no "15" appended ...  
2023-03-06 17:15:33,693  |  DEBUG  |  >>>>     
2023-03-06 17:15:33,711  |  DEBUG  |  >>>>   Table row no "14", Cell no "16" appended ...  
2023-03-06 17:15:33,712  |  DEBUG  |  >>>>     
2023-03-06 17:15:33,732  |  DEBUG  |  >>>>   Table row no "14", Cell no "17" appended ...  
2023-03-06 17:15:33,732  |  DEBUG  |  >>>>     
2023-03-06 17:15:33,751  |  DEBUG  |  >>>>   Table row no "14", Cell no "18" appended ...  
2023-03-06 17:15:33,751  |  DEBUG  |  >>>>     
2023-03-06 17:15:33,752  |  DEBUG  |  >>>>>>>   Table no 0 <<<<<<    
2023-03-06 17:15:33,754  |  DEBUG  |  >>>>     
2023-03-06 17:15:33,784  |  DEBUG  |  >>>>   Table row no "15", Cell no "1" appended ...  
2023-03-06 17:15:33,785  |  DEBUG  |  >>>>     
2023-03-06 17:15:33,802  |  DEBUG  |  >>>>   Table row no "15", Cell no "2" appended ...  
2023-03-06 17:15:33,803  |  DEBUG  |  >>>>     
2023-03-06 17:15:33,820  |  DEBUG  |  >>>>   Table row no "15", Cell no "3" appended ...  
2023-03-06 17:15:33,822  |  DEBUG  |  >>>>     
2023-03-06 17:15:33,843  |  DEBUG  |  >>>>   Table row no "15", Cell no "4" appended ...  
2023-03-06 17:15:33,844  |  DEBUG  |  >>>>     
2023-03-06 17:15:33,862  |  DEBUG  |  >>>>   Table row no "15", Cell no "5" appended ...  
2023-03-06 17:15:33,863  |  DEBUG  |  >>>>     
2023-03-06 17:15:33,882  |  DEBUG  |  >>>>   Table row no "15", Cell no "6" appended ...  
2023-03-06 17:15:33,883  |  DEBUG  |  >>>>     
2023-03-06 17:15:33,905  |  DEBUG  |  >>>>   Table row no "15", Cell no "7" appended ...  
2023-03-06 17:15:33,906  |  DEBUG  |  >>>>     
2023-03-06 17:15:33,924  |  DEBUG  |  >>>>   Table row no "15", Cell no "8" appended ...  
2023-03-06 17:15:33,925  |  DEBUG  |  >>>>     
2023-03-06 17:15:33,944  |  DEBUG  |  >>>>   Table row no "15", Cell no "9" appended ...  
2023-03-06 17:15:33,944  |  DEBUG  |  >>>>     
2023-03-06 17:15:33,964  |  DEBUG  |  >>>>   Table row no "15", Cell no "10" appended ...  
2023-03-06 17:15:33,965  |  DEBUG  |  >>>>     
2023-03-06 17:15:33,984  |  DEBUG  |  >>>>   Table row no "15", Cell no "11" appended ...  
2023-03-06 17:15:33,984  |  DEBUG  |  >>>>     
2023-03-06 17:15:34,000  |  DEBUG  |  >>>>   Table row no "15", Cell no "12" appended ...  
2023-03-06 17:15:34,000  |  DEBUG  |  >>>>     
2023-03-06 17:15:34,018  |  DEBUG  |  >>>>   Table row no "15", Cell no "13" appended ...  
2023-03-06 17:15:34,019  |  DEBUG  |  >>>>     
2023-03-06 17:15:34,039  |  DEBUG  |  >>>>   Table row no "15", Cell no "14" appended ...  
2023-03-06 17:15:34,039  |  DEBUG  |  >>>>     
2023-03-06 17:15:34,060  |  DEBUG  |  >>>>   Table row no "15", Cell no "15" appended ...  
2023-03-06 17:15:34,060  |  DEBUG  |  >>>>     
2023-03-06 17:15:34,082  |  DEBUG  |  >>>>   Table row no "15", Cell no "16" appended ...  
2023-03-06 17:15:34,083  |  DEBUG  |  >>>>     
2023-03-06 17:15:34,103  |  DEBUG  |  >>>>   Table row no "15", Cell no "17" appended ...  
2023-03-06 17:15:34,104  |  DEBUG  |  >>>>     
2023-03-06 17:15:34,126  |  DEBUG  |  >>>>   Table row no "15", Cell no "18" appended ...  
2023-03-06 17:15:34,127  |  DEBUG  |  >>>>     
2023-03-06 17:15:34,128  |  DEBUG  |  >>>>>>>   Table no 0 <<<<<<    
2023-03-06 17:15:34,128  |  DEBUG  |  >>>>     
2023-03-06 17:15:34,162  |  DEBUG  |  >>>>   Table row no "16", Cell no "1" appended ...  
2023-03-06 17:15:34,163  |  DEBUG  |  >>>>     
2023-03-06 17:15:34,187  |  DEBUG  |  >>>>   Table row no "16", Cell no "2" appended ...  
2023-03-06 17:15:34,188  |  DEBUG  |  >>>>     
2023-03-06 17:15:34,208  |  DEBUG  |  >>>>   Table row no "16", Cell no "3" appended ...  
2023-03-06 17:15:34,209  |  DEBUG  |  >>>>     
2023-03-06 17:15:34,233  |  DEBUG  |  >>>>   Table row no "16", Cell no "4" appended ...  
2023-03-06 17:15:34,235  |  DEBUG  |  >>>>     
2023-03-06 17:15:34,256  |  DEBUG  |  >>>>   Table row no "16", Cell no "5" appended ...  
2023-03-06 17:15:34,257  |  DEBUG  |  >>>>     
2023-03-06 17:15:34,276  |  DEBUG  |  >>>>   Table row no "16", Cell no "6" appended ...  
2023-03-06 17:15:34,278  |  DEBUG  |  >>>>     
2023-03-06 17:15:34,298  |  DEBUG  |  >>>>   Table row no "16", Cell no "7" appended ...  
2023-03-06 17:15:34,299  |  DEBUG  |  >>>>     
2023-03-06 17:15:34,316  |  DEBUG  |  >>>>   Table row no "16", Cell no "8" appended ...  
2023-03-06 17:15:34,317  |  DEBUG  |  >>>>     
2023-03-06 17:15:34,339  |  DEBUG  |  >>>>   Table row no "16", Cell no "9" appended ...  
2023-03-06 17:15:34,341  |  DEBUG  |  >>>>     
2023-03-06 17:15:34,361  |  DEBUG  |  >>>>   Table row no "16", Cell no "10" appended ...  
2023-03-06 17:15:34,361  |  DEBUG  |  >>>>     
2023-03-06 17:15:34,382  |  DEBUG  |  >>>>   Table row no "16", Cell no "11" appended ...  
2023-03-06 17:15:34,383  |  DEBUG  |  >>>>     
2023-03-06 17:15:34,409  |  DEBUG  |  >>>>   Table row no "16", Cell no "12" appended ...  
2023-03-06 17:15:34,410  |  DEBUG  |  >>>>     
2023-03-06 17:15:34,429  |  DEBUG  |  >>>>   Table row no "16", Cell no "13" appended ...  
2023-03-06 17:15:34,430  |  DEBUG  |  >>>>     
2023-03-06 17:15:34,450  |  DEBUG  |  >>>>   Table row no "16", Cell no "14" appended ...  
2023-03-06 17:15:34,452  |  DEBUG  |  >>>>     
2023-03-06 17:15:34,475  |  DEBUG  |  >>>>   Table row no "16", Cell no "15" appended ...  
2023-03-06 17:15:34,475  |  DEBUG  |  >>>>     
2023-03-06 17:15:34,496  |  DEBUG  |  >>>>   Table row no "16", Cell no "16" appended ...  
2023-03-06 17:15:34,497  |  DEBUG  |  >>>>     
2023-03-06 17:15:34,520  |  DEBUG  |  >>>>   Table row no "16", Cell no "17" appended ...  
2023-03-06 17:15:34,521  |  DEBUG  |  >>>>     
2023-03-06 17:15:34,544  |  DEBUG  |  >>>>   Table row no "16", Cell no "18" appended ...  
2023-03-06 17:15:34,544  |  DEBUG  |  >>>>     
2023-03-06 17:15:34,545  |  DEBUG  |  >>>>>>>   Table no 0 <<<<<<    
2023-03-06 17:15:34,546  |  DEBUG  |  >>>>     
2023-03-06 17:15:34,580  |  DEBUG  |  >>>>   Table row no "17", Cell no "1" appended ...  
2023-03-06 17:15:34,582  |  DEBUG  |  >>>>     
2023-03-06 17:15:34,603  |  DEBUG  |  >>>>   Table row no "17", Cell no "2" appended ...  
2023-03-06 17:15:34,604  |  DEBUG  |  >>>>     
2023-03-06 17:15:34,625  |  DEBUG  |  >>>>   Table row no "17", Cell no "3" appended ...  
2023-03-06 17:15:34,626  |  DEBUG  |  >>>>     
2023-03-06 17:15:34,649  |  DEBUG  |  >>>>   Table row no "17", Cell no "4" appended ...  
2023-03-06 17:15:34,650  |  DEBUG  |  >>>>     
2023-03-06 17:15:34,675  |  DEBUG  |  >>>>   Table row no "17", Cell no "5" appended ...  
2023-03-06 17:15:34,676  |  DEBUG  |  >>>>     
2023-03-06 17:15:34,695  |  DEBUG  |  >>>>   Table row no "17", Cell no "6" appended ...  
2023-03-06 17:15:34,697  |  DEBUG  |  >>>>     
2023-03-06 17:15:34,716  |  DEBUG  |  >>>>   Table row no "17", Cell no "7" appended ...  
2023-03-06 17:15:34,717  |  DEBUG  |  >>>>     
2023-03-06 17:15:34,736  |  DEBUG  |  >>>>   Table row no "17", Cell no "8" appended ...  
2023-03-06 17:15:34,736  |  DEBUG  |  >>>>     
2023-03-06 17:15:34,755  |  DEBUG  |  >>>>   Table row no "17", Cell no "9" appended ...  
2023-03-06 17:15:34,756  |  DEBUG  |  >>>>     
2023-03-06 17:15:34,777  |  DEBUG  |  >>>>   Table row no "17", Cell no "10" appended ...  
2023-03-06 17:15:34,778  |  DEBUG  |  >>>>     
2023-03-06 17:15:34,798  |  DEBUG  |  >>>>   Table row no "17", Cell no "11" appended ...  
2023-03-06 17:15:34,800  |  DEBUG  |  >>>>     
2023-03-06 17:15:34,819  |  DEBUG  |  >>>>   Table row no "17", Cell no "12" appended ...  
2023-03-06 17:15:34,820  |  DEBUG  |  >>>>     
2023-03-06 17:15:34,839  |  DEBUG  |  >>>>   Table row no "17", Cell no "13" appended ...  
2023-03-06 17:15:34,840  |  DEBUG  |  >>>>     
2023-03-06 17:15:34,863  |  DEBUG  |  >>>>   Table row no "17", Cell no "14" appended ...  
2023-03-06 17:15:34,865  |  DEBUG  |  >>>>     
2023-03-06 17:15:34,887  |  DEBUG  |  >>>>   Table row no "17", Cell no "15" appended ...  
2023-03-06 17:15:34,887  |  DEBUG  |  >>>>     
2023-03-06 17:15:34,908  |  DEBUG  |  >>>>   Table row no "17", Cell no "16" appended ...  
2023-03-06 17:15:34,910  |  DEBUG  |  >>>>     
2023-03-06 17:15:34,932  |  DEBUG  |  >>>>   Table row no "17", Cell no "17" appended ...  
2023-03-06 17:15:34,933  |  DEBUG  |  >>>>     
2023-03-06 17:15:34,955  |  DEBUG  |  >>>>   Table row no "17", Cell no "18" appended ...  
2023-03-06 17:15:34,956  |  DEBUG  |  >>>>     
2023-03-06 17:15:34,956  |  DEBUG  |  >>>>>>>   Table no 0 <<<<<<    
2023-03-06 17:15:34,957  |  DEBUG  |  >>>>     
2023-03-06 17:15:34,989  |  DEBUG  |  >>>>   Table row no "18", Cell no "1" appended ...  
2023-03-06 17:15:34,990  |  DEBUG  |  >>>>     
2023-03-06 17:15:35,009  |  DEBUG  |  >>>>   Table row no "18", Cell no "2" appended ...  
2023-03-06 17:15:35,009  |  DEBUG  |  >>>>     
2023-03-06 17:15:35,029  |  DEBUG  |  >>>>   Table row no "18", Cell no "3" appended ...  
2023-03-06 17:15:35,030  |  DEBUG  |  >>>>     
2023-03-06 17:15:35,052  |  DEBUG  |  >>>>   Table row no "18", Cell no "4" appended ...  
2023-03-06 17:15:35,053  |  DEBUG  |  >>>>     
2023-03-06 17:15:35,072  |  DEBUG  |  >>>>   Table row no "18", Cell no "5" appended ...  
2023-03-06 17:15:35,072  |  DEBUG  |  >>>>     
2023-03-06 17:15:35,094  |  DEBUG  |  >>>>   Table row no "18", Cell no "6" appended ...  
2023-03-06 17:15:35,095  |  DEBUG  |  >>>>     
2023-03-06 17:15:35,115  |  DEBUG  |  >>>>   Table row no "18", Cell no "7" appended ...  
2023-03-06 17:15:35,116  |  DEBUG  |  >>>>     
2023-03-06 17:15:35,134  |  DEBUG  |  >>>>   Table row no "18", Cell no "8" appended ...  
2023-03-06 17:15:35,135  |  DEBUG  |  >>>>     
2023-03-06 17:15:35,156  |  DEBUG  |  >>>>   Table row no "18", Cell no "9" appended ...  
2023-03-06 17:15:35,158  |  DEBUG  |  >>>>     
2023-03-06 17:15:35,178  |  DEBUG  |  >>>>   Table row no "18", Cell no "10" appended ...  
2023-03-06 17:15:35,179  |  DEBUG  |  >>>>     
2023-03-06 17:15:35,199  |  DEBUG  |  >>>>   Table row no "18", Cell no "11" appended ...  
2023-03-06 17:15:35,200  |  DEBUG  |  >>>>     
2023-03-06 17:15:35,220  |  DEBUG  |  >>>>   Table row no "18", Cell no "12" appended ...  
2023-03-06 17:15:35,221  |  DEBUG  |  >>>>     
2023-03-06 17:15:35,239  |  DEBUG  |  >>>>   Table row no "18", Cell no "13" appended ...  
2023-03-06 17:15:35,241  |  DEBUG  |  >>>>     
2023-03-06 17:15:35,260  |  DEBUG  |  >>>>   Table row no "18", Cell no "14" appended ...  
2023-03-06 17:15:35,261  |  DEBUG  |  >>>>     
2023-03-06 17:15:35,281  |  DEBUG  |  >>>>   Table row no "18", Cell no "15" appended ...  
2023-03-06 17:15:35,282  |  DEBUG  |  >>>>     
2023-03-06 17:15:35,305  |  DEBUG  |  >>>>   Table row no "18", Cell no "16" appended ...  
2023-03-06 17:15:35,306  |  DEBUG  |  >>>>     
2023-03-06 17:15:35,328  |  DEBUG  |  >>>>   Table row no "18", Cell no "17" appended ...  
2023-03-06 17:15:35,329  |  DEBUG  |  >>>>     
2023-03-06 17:15:35,349  |  DEBUG  |  >>>>   Table row no "18", Cell no "18" appended ...  
2023-03-06 17:15:35,351  |  DEBUG  |  >>>>     
2023-03-06 17:15:35,351  |  DEBUG  |  >>>>>>>   Table no 0 <<<<<<    
2023-03-06 17:15:35,353  |  DEBUG  |  >>>>     
2023-03-06 17:15:35,383  |  DEBUG  |  >>>>   Table row no "19", Cell no "1" appended ...  
2023-03-06 17:15:35,384  |  DEBUG  |  >>>>     
2023-03-06 17:15:35,403  |  DEBUG  |  >>>>   Table row no "19", Cell no "2" appended ...  
2023-03-06 17:15:35,404  |  DEBUG  |  >>>>     
2023-03-06 17:15:35,424  |  DEBUG  |  >>>>   Table row no "19", Cell no "3" appended ...  
2023-03-06 17:15:35,425  |  DEBUG  |  >>>>     
2023-03-06 17:15:35,445  |  DEBUG  |  >>>>   Table row no "19", Cell no "4" appended ...  
2023-03-06 17:15:35,446  |  DEBUG  |  >>>>     
2023-03-06 17:15:35,467  |  DEBUG  |  >>>>   Table row no "19", Cell no "5" appended ...  
2023-03-06 17:15:35,468  |  DEBUG  |  >>>>     
2023-03-06 17:15:35,488  |  DEBUG  |  >>>>   Table row no "19", Cell no "6" appended ...  
2023-03-06 17:15:35,489  |  DEBUG  |  >>>>     
2023-03-06 17:15:35,509  |  DEBUG  |  >>>>   Table row no "19", Cell no "7" appended ...  
2023-03-06 17:15:35,510  |  DEBUG  |  >>>>     
2023-03-06 17:15:35,533  |  DEBUG  |  >>>>   Table row no "19", Cell no "8" appended ...  
2023-03-06 17:15:35,534  |  DEBUG  |  >>>>     
2023-03-06 17:15:35,553  |  DEBUG  |  >>>>   Table row no "19", Cell no "9" appended ...  
2023-03-06 17:15:35,554  |  DEBUG  |  >>>>     
2023-03-06 17:15:35,573  |  DEBUG  |  >>>>   Table row no "19", Cell no "10" appended ...  
2023-03-06 17:15:35,574  |  DEBUG  |  >>>>     
2023-03-06 17:15:35,594  |  DEBUG  |  >>>>   Table row no "19", Cell no "11" appended ...  
2023-03-06 17:15:35,595  |  DEBUG  |  >>>>     
2023-03-06 17:15:35,616  |  DEBUG  |  >>>>   Table row no "19", Cell no "12" appended ...  
2023-03-06 17:15:35,617  |  DEBUG  |  >>>>     
2023-03-06 17:15:35,637  |  DEBUG  |  >>>>   Table row no "19", Cell no "13" appended ...  
2023-03-06 17:15:35,638  |  DEBUG  |  >>>>     
2023-03-06 17:15:35,659  |  DEBUG  |  >>>>   Table row no "19", Cell no "14" appended ...  
2023-03-06 17:15:35,660  |  DEBUG  |  >>>>     
2023-03-06 17:15:35,694  |  DEBUG  |  >>>>   Table row no "19", Cell no "15" appended ...  
2023-03-06 17:15:35,694  |  DEBUG  |  >>>>     
2023-03-06 17:15:35,724  |  DEBUG  |  >>>>   Table row no "19", Cell no "16" appended ...  
2023-03-06 17:15:35,725  |  DEBUG  |  >>>>     
2023-03-06 17:15:35,751  |  DEBUG  |  >>>>   Table row no "19", Cell no "17" appended ...  
2023-03-06 17:15:35,753  |  DEBUG  |  >>>>     
2023-03-06 17:15:35,780  |  DEBUG  |  >>>>   Table row no "19", Cell no "18" appended ...  
2023-03-06 17:15:35,781  |  DEBUG  |  >>>>     
2023-03-06 17:15:35,783  |  DEBUG  |  >>>>>>>   Table no 0 <<<<<<    
2023-03-06 17:15:35,784  |  DEBUG  |  >>>>     
2023-03-06 17:15:35,828  |  DEBUG  |  >>>>   Table row no "20", Cell no "1" appended ...  
2023-03-06 17:15:35,828  |  DEBUG  |  >>>>     
2023-03-06 17:15:35,869  |  DEBUG  |  >>>>   Table row no "20", Cell no "2" appended ...  
2023-03-06 17:15:35,870  |  DEBUG  |  >>>>     
2023-03-06 17:15:35,893  |  DEBUG  |  >>>>   Table row no "20", Cell no "3" appended ...  
2023-03-06 17:15:35,894  |  DEBUG  |  >>>>     
2023-03-06 17:15:35,922  |  DEBUG  |  >>>>   Table row no "20", Cell no "4" appended ...  
2023-03-06 17:15:35,923  |  DEBUG  |  >>>>     
2023-03-06 17:15:35,955  |  DEBUG  |  >>>>   Table row no "20", Cell no "5" appended ...  
2023-03-06 17:15:35,956  |  DEBUG  |  >>>>     
2023-03-06 17:15:35,985  |  DEBUG  |  >>>>   Table row no "20", Cell no "6" appended ...  
2023-03-06 17:15:35,986  |  DEBUG  |  >>>>     
2023-03-06 17:15:36,013  |  DEBUG  |  >>>>   Table row no "20", Cell no "7" appended ...  
2023-03-06 17:15:36,014  |  DEBUG  |  >>>>     
2023-03-06 17:15:36,040  |  DEBUG  |  >>>>   Table row no "20", Cell no "8" appended ...  
2023-03-06 17:15:36,041  |  DEBUG  |  >>>>     
2023-03-06 17:15:36,064  |  DEBUG  |  >>>>   Table row no "20", Cell no "9" appended ...  
2023-03-06 17:15:36,065  |  DEBUG  |  >>>>     
2023-03-06 17:15:36,087  |  DEBUG  |  >>>>   Table row no "20", Cell no "10" appended ...  
2023-03-06 17:15:36,088  |  DEBUG  |  >>>>     
2023-03-06 17:15:36,109  |  DEBUG  |  >>>>   Table row no "20", Cell no "11" appended ...  
2023-03-06 17:15:36,109  |  DEBUG  |  >>>>     
2023-03-06 17:15:36,129  |  DEBUG  |  >>>>   Table row no "20", Cell no "12" appended ...  
2023-03-06 17:15:36,130  |  DEBUG  |  >>>>     
2023-03-06 17:15:36,150  |  DEBUG  |  >>>>   Table row no "20", Cell no "13" appended ...  
2023-03-06 17:15:36,152  |  DEBUG  |  >>>>     
2023-03-06 17:15:36,173  |  DEBUG  |  >>>>   Table row no "20", Cell no "14" appended ...  
2023-03-06 17:15:36,173  |  DEBUG  |  >>>>     
2023-03-06 17:15:36,195  |  DEBUG  |  >>>>   Table row no "20", Cell no "15" appended ...  
2023-03-06 17:15:36,196  |  DEBUG  |  >>>>     
2023-03-06 17:15:36,218  |  DEBUG  |  >>>>   Table row no "20", Cell no "16" appended ...  
2023-03-06 17:15:36,219  |  DEBUG  |  >>>>     
2023-03-06 17:15:36,238  |  DEBUG  |  >>>>   Table row no "20", Cell no "17" appended ...  
2023-03-06 17:15:36,239  |  DEBUG  |  >>>>     
2023-03-06 17:15:36,260  |  DEBUG  |  >>>>   Table row no "20", Cell no "18" appended ...  
2023-03-06 17:15:36,261  |  DEBUG  |  >>>>     
2023-03-06 17:15:36,262  |  DEBUG  |  >>>>>>>   Table no 0 <<<<<<    
2023-03-06 17:15:36,263  |  DEBUG  |  >>>>     
2023-03-06 17:15:36,296  |  DEBUG  |  >>>>   Table row no "21", Cell no "1" appended ...  
2023-03-06 17:15:36,299  |  DEBUG  |  >>>>     
2023-03-06 17:15:36,322  |  DEBUG  |  >>>>   Table row no "21", Cell no "2" appended ...  
2023-03-06 17:15:36,322  |  DEBUG  |  >>>>     
2023-03-06 17:15:36,343  |  DEBUG  |  >>>>   Table row no "21", Cell no "3" appended ...  
2023-03-06 17:15:36,344  |  DEBUG  |  >>>>     
2023-03-06 17:15:36,362  |  DEBUG  |  >>>>   Table row no "21", Cell no "4" appended ...  
2023-03-06 17:15:36,362  |  DEBUG  |  >>>>     
2023-03-06 17:15:36,384  |  DEBUG  |  >>>>   Table row no "21", Cell no "5" appended ...  
2023-03-06 17:15:36,385  |  DEBUG  |  >>>>     
2023-03-06 17:15:36,408  |  DEBUG  |  >>>>   Table row no "21", Cell no "6" appended ...  
2023-03-06 17:15:36,409  |  DEBUG  |  >>>>     
2023-03-06 17:15:36,431  |  DEBUG  |  >>>>   Table row no "21", Cell no "7" appended ...  
2023-03-06 17:15:36,432  |  DEBUG  |  >>>>     
2023-03-06 17:15:36,454  |  DEBUG  |  >>>>   Table row no "21", Cell no "8" appended ...  
2023-03-06 17:15:36,455  |  DEBUG  |  >>>>     
2023-03-06 17:15:36,476  |  DEBUG  |  >>>>   Table row no "21", Cell no "9" appended ...  
2023-03-06 17:15:36,477  |  DEBUG  |  >>>>     
2023-03-06 17:15:36,499  |  DEBUG  |  >>>>   Table row no "21", Cell no "10" appended ...  
2023-03-06 17:15:36,500  |  DEBUG  |  >>>>     
2023-03-06 17:15:36,520  |  DEBUG  |  >>>>   Table row no "21", Cell no "11" appended ...  
2023-03-06 17:15:36,522  |  DEBUG  |  >>>>     
2023-03-06 17:15:36,545  |  DEBUG  |  >>>>   Table row no "21", Cell no "12" appended ...  
2023-03-06 17:15:36,546  |  DEBUG  |  >>>>     
2023-03-06 17:15:36,569  |  DEBUG  |  >>>>   Table row no "21", Cell no "13" appended ...  
2023-03-06 17:15:36,570  |  DEBUG  |  >>>>     
2023-03-06 17:15:36,590  |  DEBUG  |  >>>>   Table row no "21", Cell no "14" appended ...  
2023-03-06 17:15:36,591  |  DEBUG  |  >>>>     
2023-03-06 17:15:36,612  |  DEBUG  |  >>>>   Table row no "21", Cell no "15" appended ...  
2023-03-06 17:15:36,612  |  DEBUG  |  >>>>     
2023-03-06 17:15:36,636  |  DEBUG  |  >>>>   Table row no "21", Cell no "16" appended ...  
2023-03-06 17:15:36,637  |  DEBUG  |  >>>>     
2023-03-06 17:15:36,655  |  DEBUG  |  >>>>   Table row no "21", Cell no "17" appended ...  
2023-03-06 17:15:36,656  |  DEBUG  |  >>>>     
2023-03-06 17:15:36,677  |  DEBUG  |  >>>>   Table row no "21", Cell no "18" appended ...  
2023-03-06 17:15:36,678  |  DEBUG  |  >>>>     
2023-03-06 17:15:36,702  |  DEBUG  |     Pos                      Team   P      W  D  L  GF  GA      W  D  L  GF  GA      GD Pts   match-date
0    1                   Arsenal  26     10  2  1  34  16     10  1  2  25   9      34  63  2023-Mar-06
1    2           Manchester City  26     11  1  1  43  13      7  3  3  23  12      41  58  2023-Mar-06
2    3         Manchester United  24      9  2  1  24   8      6  2  4  17  20      13  49  2023-Mar-06
3    4         Tottenham Hotspur  26      9  0  4  26  15      5  3  5  20  21      10  45  2023-Mar-06
4    5          Newcastle United  24      6  5  1  19   8      4  6  2  16   9      18  41  2023-Mar-06
5    6                 Liverpool  24      8  3  1  27   9      3  3  6  13  19      12  39  2023-Mar-06
6    7                    Fulham  25      6  4  3  21  17      5  2  5  15  14       5  39  2023-Mar-06
7    8  Brighton and Hove Albion  23      6  2  4  21  11      5  3  3  22  18      14  38  2023-Mar-06
8    9                 Brentford  23      6  5  1  24  11      2  6  3  13  19       7  35  2023-Mar-06
9   10                   Chelsea  25      6  3  3  14   8      3  4  6  10  17      -1  34  2023-Mar-06
10  11               Aston Villa  25      6  2  5  20  19      4  2  6  11  19      -7  34  2023-Mar-06
11  12            Crystal Palace  25      4  5  4  12  17      2  4  6   9  15     -11  27  2023-Mar-06
12  13   Wolverhampton Wanderers  26      5  2  6  10  15      2  4  7   9  20     -16  27  2023-Mar-06
13  14         Nottingham Forest  24      5  4  3  15  13      1  3  8   3  29     -24  25  2023-Mar-06
14  15            Leicester City  25      3  3  6  15  14      4  0  9  21  29      -7  24  2023-Mar-06
15  16           West Ham United  25      5  2  5  16  13      1  3  9   7  20     -10  23  2023-Mar-06
16  17              Leeds United  25      4  4  4  16  16      1  3  9  13  24     -11  22  2023-Mar-06
17  18                   Everton  25      4  2  7  11  16      1  4  7   6  20     -19  21  2023-Mar-06
18  19               Southampton  25      2  3  7  11  19      4  0  9   9  22     -21  21  2023-Mar-06
19  20           AFC Bournemouth  25      3  4  5  12  16      2  2  9  12  35     -27  21  2023-Mar-06  
2023-03-06 17:15:37,214  |  INFO  |    
2023-03-06 17:15:37,216  |  INFO  |  >>>>   Successfully written and loaded "prem_league_table_2023-Mar-06.csv" file to the "football-cloud-data-sdw-001" S3 bucket target location...  
2023-03-06 17:15:37,217  |  DEBUG  |  >>>>     
