2023-03-18 13:56:50,994  |  INFO  |  >>>>   Running Prem League link for league standings as of 2023-Mar-18 ...  
2023-03-18 13:56:50,995  |  DEBUG  |  >>>>     
2023-03-18 13:56:56,171  |  INFO  |  No cookie pop-up window to close...let's begin scraping for league standings as of "2023-Mar-18"  !!  
2023-03-18 13:56:56,194  |  INFO  |  >>>>   Extracting content from HTML elements ...  
2023-03-18 13:56:56,195  |  DEBUG  |  >>>>     
2023-03-18 13:56:56,196  |  DEBUG  |  >>>>>>>   Table no 0 <<<<<<    
2023-03-18 13:56:56,196  |  DEBUG  |  >>>>     
2023-03-18 13:56:56,223  |  DEBUG  |  >>>>   Table row no "1", Cell no "1" appended ...  
2023-03-18 13:56:56,224  |  DEBUG  |  >>>>     
2023-03-18 13:56:56,235  |  DEBUG  |  >>>>   Table row no "1", Cell no "2" appended ...  
2023-03-18 13:56:56,236  |  DEBUG  |  >>>>     
2023-03-18 13:56:56,250  |  DEBUG  |  >>>>   Table row no "1", Cell no "3" appended ...  
2023-03-18 13:56:56,251  |  DEBUG  |  >>>>     
2023-03-18 13:56:56,264  |  DEBUG  |  >>>>   Table row no "1", Cell no "4" appended ...  
2023-03-18 13:56:56,265  |  DEBUG  |  >>>>     
2023-03-18 13:56:56,277  |  DEBUG  |  >>>>   Table row no "1", Cell no "5" appended ...  
2023-03-18 13:56:56,279  |  DEBUG  |  >>>>     
2023-03-18 13:56:56,292  |  DEBUG  |  >>>>   Table row no "1", Cell no "6" appended ...  
2023-03-18 13:56:56,293  |  DEBUG  |  >>>>     
2023-03-18 13:56:56,305  |  DEBUG  |  >>>>   Table row no "1", Cell no "7" appended ...  
2023-03-18 13:56:56,306  |  DEBUG  |  >>>>     
2023-03-18 13:56:56,319  |  DEBUG  |  >>>>   Table row no "1", Cell no "8" appended ...  
2023-03-18 13:56:56,320  |  DEBUG  |  >>>>     
2023-03-18 13:56:56,333  |  DEBUG  |  >>>>   Table row no "1", Cell no "9" appended ...  
2023-03-18 13:56:56,334  |  DEBUG  |  >>>>     
2023-03-18 13:56:56,347  |  DEBUG  |  >>>>   Table row no "1", Cell no "10" appended ...  
2023-03-18 13:56:56,347  |  DEBUG  |  >>>>     
2023-03-18 13:56:56,361  |  DEBUG  |  >>>>   Table row no "1", Cell no "11" appended ...  
2023-03-18 13:56:56,362  |  DEBUG  |  >>>>     
2023-03-18 13:56:56,376  |  DEBUG  |  >>>>   Table row no "1", Cell no "12" appended ...  
2023-03-18 13:56:56,377  |  DEBUG  |  >>>>     
2023-03-18 13:56:56,390  |  DEBUG  |  >>>>   Table row no "1", Cell no "13" appended ...  
2023-03-18 13:56:56,391  |  DEBUG  |  >>>>     
2023-03-18 13:56:56,405  |  DEBUG  |  >>>>   Table row no "1", Cell no "14" appended ...  
2023-03-18 13:56:56,405  |  DEBUG  |  >>>>     
2023-03-18 13:56:56,421  |  DEBUG  |  >>>>   Table row no "1", Cell no "15" appended ...  
2023-03-18 13:56:56,422  |  DEBUG  |  >>>>     
2023-03-18 13:56:56,440  |  DEBUG  |  >>>>   Table row no "1", Cell no "16" appended ...  
2023-03-18 13:56:56,441  |  DEBUG  |  >>>>     
2023-03-18 13:56:56,454  |  DEBUG  |  >>>>   Table row no "1", Cell no "17" appended ...  
2023-03-18 13:56:56,455  |  DEBUG  |  >>>>     
2023-03-18 13:56:56,467  |  DEBUG  |  >>>>   Table row no "1", Cell no "18" appended ...  
2023-03-18 13:56:56,468  |  DEBUG  |  >>>>     
2023-03-18 13:56:56,469  |  DEBUG  |  >>>>>>>   Table no 0 <<<<<<    
2023-03-18 13:56:56,470  |  DEBUG  |  >>>>     
2023-03-18 13:56:56,495  |  DEBUG  |  >>>>   Table row no "2", Cell no "1" appended ...  
2023-03-18 13:56:56,495  |  DEBUG  |  >>>>     
2023-03-18 13:56:56,510  |  DEBUG  |  >>>>   Table row no "2", Cell no "2" appended ...  
2023-03-18 13:56:56,511  |  DEBUG  |  >>>>     
2023-03-18 13:56:56,524  |  DEBUG  |  >>>>   Table row no "2", Cell no "3" appended ...  
2023-03-18 13:56:56,525  |  DEBUG  |  >>>>     
2023-03-18 13:56:56,540  |  DEBUG  |  >>>>   Table row no "2", Cell no "4" appended ...  
2023-03-18 13:56:56,541  |  DEBUG  |  >>>>     
2023-03-18 13:56:56,553  |  DEBUG  |  >>>>   Table row no "2", Cell no "5" appended ...  
2023-03-18 13:56:56,553  |  DEBUG  |  >>>>     
2023-03-18 13:56:56,567  |  DEBUG  |  >>>>   Table row no "2", Cell no "6" appended ...  
2023-03-18 13:56:56,568  |  DEBUG  |  >>>>     
2023-03-18 13:56:56,584  |  DEBUG  |  >>>>   Table row no "2", Cell no "7" appended ...  
2023-03-18 13:56:56,584  |  DEBUG  |  >>>>     
2023-03-18 13:56:56,599  |  DEBUG  |  >>>>   Table row no "2", Cell no "8" appended ...  
2023-03-18 13:56:56,599  |  DEBUG  |  >>>>     
2023-03-18 13:56:56,613  |  DEBUG  |  >>>>   Table row no "2", Cell no "9" appended ...  
2023-03-18 13:56:56,614  |  DEBUG  |  >>>>     
2023-03-18 13:56:56,630  |  DEBUG  |  >>>>   Table row no "2", Cell no "10" appended ...  
2023-03-18 13:56:56,631  |  DEBUG  |  >>>>     
2023-03-18 13:56:56,646  |  DEBUG  |  >>>>   Table row no "2", Cell no "11" appended ...  
2023-03-18 13:56:56,646  |  DEBUG  |  >>>>     
2023-03-18 13:56:56,663  |  DEBUG  |  >>>>   Table row no "2", Cell no "12" appended ...  
2023-03-18 13:56:56,663  |  DEBUG  |  >>>>     
2023-03-18 13:56:56,676  |  DEBUG  |  >>>>   Table row no "2", Cell no "13" appended ...  
2023-03-18 13:56:56,677  |  DEBUG  |  >>>>     
2023-03-18 13:56:56,692  |  DEBUG  |  >>>>   Table row no "2", Cell no "14" appended ...  
2023-03-18 13:56:56,693  |  DEBUG  |  >>>>     
2023-03-18 13:56:56,705  |  DEBUG  |  >>>>   Table row no "2", Cell no "15" appended ...  
2023-03-18 13:56:56,706  |  DEBUG  |  >>>>     
2023-03-18 13:56:56,720  |  DEBUG  |  >>>>   Table row no "2", Cell no "16" appended ...  
2023-03-18 13:56:56,721  |  DEBUG  |  >>>>     
2023-03-18 13:56:56,734  |  DEBUG  |  >>>>   Table row no "2", Cell no "17" appended ...  
2023-03-18 13:56:56,734  |  DEBUG  |  >>>>     
2023-03-18 13:56:56,749  |  DEBUG  |  >>>>   Table row no "2", Cell no "18" appended ...  
2023-03-18 13:56:56,750  |  DEBUG  |  >>>>     
2023-03-18 13:56:56,751  |  DEBUG  |  >>>>>>>   Table no 0 <<<<<<    
2023-03-18 13:56:56,751  |  DEBUG  |  >>>>     
2023-03-18 13:56:56,775  |  DEBUG  |  >>>>   Table row no "3", Cell no "1" appended ...  
2023-03-18 13:56:56,776  |  DEBUG  |  >>>>     
2023-03-18 13:56:56,789  |  DEBUG  |  >>>>   Table row no "3", Cell no "2" appended ...  
2023-03-18 13:56:56,790  |  DEBUG  |  >>>>     
2023-03-18 13:56:56,804  |  DEBUG  |  >>>>   Table row no "3", Cell no "3" appended ...  
2023-03-18 13:56:56,805  |  DEBUG  |  >>>>     
2023-03-18 13:56:56,818  |  DEBUG  |  >>>>   Table row no "3", Cell no "4" appended ...  
2023-03-18 13:56:56,818  |  DEBUG  |  >>>>     
2023-03-18 13:56:56,833  |  DEBUG  |  >>>>   Table row no "3", Cell no "5" appended ...  
2023-03-18 13:56:56,834  |  DEBUG  |  >>>>     
2023-03-18 13:56:56,847  |  DEBUG  |  >>>>   Table row no "3", Cell no "6" appended ...  
2023-03-18 13:56:56,848  |  DEBUG  |  >>>>     
2023-03-18 13:56:56,862  |  DEBUG  |  >>>>   Table row no "3", Cell no "7" appended ...  
2023-03-18 13:56:56,863  |  DEBUG  |  >>>>     
2023-03-18 13:56:56,878  |  DEBUG  |  >>>>   Table row no "3", Cell no "8" appended ...  
2023-03-18 13:56:56,879  |  DEBUG  |  >>>>     
2023-03-18 13:56:56,895  |  DEBUG  |  >>>>   Table row no "3", Cell no "9" appended ...  
2023-03-18 13:56:56,895  |  DEBUG  |  >>>>     
2023-03-18 13:56:56,910  |  DEBUG  |  >>>>   Table row no "3", Cell no "10" appended ...  
2023-03-18 13:56:56,911  |  DEBUG  |  >>>>     
2023-03-18 13:56:56,925  |  DEBUG  |  >>>>   Table row no "3", Cell no "11" appended ...  
2023-03-18 13:56:56,926  |  DEBUG  |  >>>>     
2023-03-18 13:56:56,942  |  DEBUG  |  >>>>   Table row no "3", Cell no "12" appended ...  
2023-03-18 13:56:56,943  |  DEBUG  |  >>>>     
2023-03-18 13:56:56,958  |  DEBUG  |  >>>>   Table row no "3", Cell no "13" appended ...  
2023-03-18 13:56:56,959  |  DEBUG  |  >>>>     
2023-03-18 13:56:56,975  |  DEBUG  |  >>>>   Table row no "3", Cell no "14" appended ...  
2023-03-18 13:56:56,976  |  DEBUG  |  >>>>     
2023-03-18 13:56:56,990  |  DEBUG  |  >>>>   Table row no "3", Cell no "15" appended ...  
2023-03-18 13:56:56,991  |  DEBUG  |  >>>>     
2023-03-18 13:56:57,006  |  DEBUG  |  >>>>   Table row no "3", Cell no "16" appended ...  
2023-03-18 13:56:57,006  |  DEBUG  |  >>>>     
2023-03-18 13:56:57,024  |  DEBUG  |  >>>>   Table row no "3", Cell no "17" appended ...  
2023-03-18 13:56:57,025  |  DEBUG  |  >>>>     
2023-03-18 13:56:57,038  |  DEBUG  |  >>>>   Table row no "3", Cell no "18" appended ...  
2023-03-18 13:56:57,040  |  DEBUG  |  >>>>     
2023-03-18 13:56:57,040  |  DEBUG  |  >>>>>>>   Table no 0 <<<<<<    
2023-03-18 13:56:57,041  |  DEBUG  |  >>>>     
2023-03-18 13:56:57,066  |  DEBUG  |  >>>>   Table row no "4", Cell no "1" appended ...  
2023-03-18 13:56:57,067  |  DEBUG  |  >>>>     
2023-03-18 13:56:57,083  |  DEBUG  |  >>>>   Table row no "4", Cell no "2" appended ...  
2023-03-18 13:56:57,084  |  DEBUG  |  >>>>     
2023-03-18 13:56:57,097  |  DEBUG  |  >>>>   Table row no "4", Cell no "3" appended ...  
2023-03-18 13:56:57,098  |  DEBUG  |  >>>>     
2023-03-18 13:56:57,116  |  DEBUG  |  >>>>   Table row no "4", Cell no "4" appended ...  
2023-03-18 13:56:57,117  |  DEBUG  |  >>>>     
2023-03-18 13:56:57,129  |  DEBUG  |  >>>>   Table row no "4", Cell no "5" appended ...  
2023-03-18 13:56:57,130  |  DEBUG  |  >>>>     
2023-03-18 13:56:57,146  |  DEBUG  |  >>>>   Table row no "4", Cell no "6" appended ...  
2023-03-18 13:56:57,146  |  DEBUG  |  >>>>     
2023-03-18 13:56:57,162  |  DEBUG  |  >>>>   Table row no "4", Cell no "7" appended ...  
2023-03-18 13:56:57,162  |  DEBUG  |  >>>>     
2023-03-18 13:56:57,174  |  DEBUG  |  >>>>   Table row no "4", Cell no "8" appended ...  
2023-03-18 13:56:57,175  |  DEBUG  |  >>>>     
2023-03-18 13:56:57,192  |  DEBUG  |  >>>>   Table row no "4", Cell no "9" appended ...  
2023-03-18 13:56:57,193  |  DEBUG  |  >>>>     
2023-03-18 13:56:57,206  |  DEBUG  |  >>>>   Table row no "4", Cell no "10" appended ...  
2023-03-18 13:56:57,208  |  DEBUG  |  >>>>     
2023-03-18 13:56:57,222  |  DEBUG  |  >>>>   Table row no "4", Cell no "11" appended ...  
2023-03-18 13:56:57,224  |  DEBUG  |  >>>>     
2023-03-18 13:56:57,237  |  DEBUG  |  >>>>   Table row no "4", Cell no "12" appended ...  
2023-03-18 13:56:57,238  |  DEBUG  |  >>>>     
2023-03-18 13:56:57,252  |  DEBUG  |  >>>>   Table row no "4", Cell no "13" appended ...  
2023-03-18 13:56:57,253  |  DEBUG  |  >>>>     
2023-03-18 13:56:57,268  |  DEBUG  |  >>>>   Table row no "4", Cell no "14" appended ...  
2023-03-18 13:56:57,269  |  DEBUG  |  >>>>     
2023-03-18 13:56:57,283  |  DEBUG  |  >>>>   Table row no "4", Cell no "15" appended ...  
2023-03-18 13:56:57,283  |  DEBUG  |  >>>>     
2023-03-18 13:56:57,299  |  DEBUG  |  >>>>   Table row no "4", Cell no "16" appended ...  
2023-03-18 13:56:57,300  |  DEBUG  |  >>>>     
2023-03-18 13:56:57,314  |  DEBUG  |  >>>>   Table row no "4", Cell no "17" appended ...  
2023-03-18 13:56:57,315  |  DEBUG  |  >>>>     
2023-03-18 13:56:57,329  |  DEBUG  |  >>>>   Table row no "4", Cell no "18" appended ...  
2023-03-18 13:56:57,330  |  DEBUG  |  >>>>     
2023-03-18 13:56:57,331  |  DEBUG  |  >>>>>>>   Table no 0 <<<<<<    
2023-03-18 13:56:57,331  |  DEBUG  |  >>>>     
2023-03-18 13:56:57,357  |  DEBUG  |  >>>>   Table row no "5", Cell no "1" appended ...  
2023-03-18 13:56:57,358  |  DEBUG  |  >>>>     
2023-03-18 13:56:57,371  |  DEBUG  |  >>>>   Table row no "5", Cell no "2" appended ...  
2023-03-18 13:56:57,373  |  DEBUG  |  >>>>     
2023-03-18 13:56:57,387  |  DEBUG  |  >>>>   Table row no "5", Cell no "3" appended ...  
2023-03-18 13:56:57,388  |  DEBUG  |  >>>>     
2023-03-18 13:56:57,401  |  DEBUG  |  >>>>   Table row no "5", Cell no "4" appended ...  
2023-03-18 13:56:57,402  |  DEBUG  |  >>>>     
2023-03-18 13:56:57,417  |  DEBUG  |  >>>>   Table row no "5", Cell no "5" appended ...  
2023-03-18 13:56:57,419  |  DEBUG  |  >>>>     
2023-03-18 13:56:57,434  |  DEBUG  |  >>>>   Table row no "5", Cell no "6" appended ...  
2023-03-18 13:56:57,435  |  DEBUG  |  >>>>     
2023-03-18 13:56:57,451  |  DEBUG  |  >>>>   Table row no "5", Cell no "7" appended ...  
2023-03-18 13:56:57,452  |  DEBUG  |  >>>>     
2023-03-18 13:56:57,467  |  DEBUG  |  >>>>   Table row no "5", Cell no "8" appended ...  
2023-03-18 13:56:57,467  |  DEBUG  |  >>>>     
2023-03-18 13:56:57,482  |  DEBUG  |  >>>>   Table row no "5", Cell no "9" appended ...  
2023-03-18 13:56:57,483  |  DEBUG  |  >>>>     
2023-03-18 13:56:57,498  |  DEBUG  |  >>>>   Table row no "5", Cell no "10" appended ...  
2023-03-18 13:56:57,499  |  DEBUG  |  >>>>     
2023-03-18 13:56:57,513  |  DEBUG  |  >>>>   Table row no "5", Cell no "11" appended ...  
2023-03-18 13:56:57,513  |  DEBUG  |  >>>>     
2023-03-18 13:56:57,528  |  DEBUG  |  >>>>   Table row no "5", Cell no "12" appended ...  
2023-03-18 13:56:57,528  |  DEBUG  |  >>>>     
2023-03-18 13:56:57,545  |  DEBUG  |  >>>>   Table row no "5", Cell no "13" appended ...  
2023-03-18 13:56:57,546  |  DEBUG  |  >>>>     
2023-03-18 13:56:57,560  |  DEBUG  |  >>>>   Table row no "5", Cell no "14" appended ...  
2023-03-18 13:56:57,561  |  DEBUG  |  >>>>     
2023-03-18 13:56:57,575  |  DEBUG  |  >>>>   Table row no "5", Cell no "15" appended ...  
2023-03-18 13:56:57,575  |  DEBUG  |  >>>>     
2023-03-18 13:56:57,592  |  DEBUG  |  >>>>   Table row no "5", Cell no "16" appended ...  
2023-03-18 13:56:57,592  |  DEBUG  |  >>>>     
2023-03-18 13:56:57,607  |  DEBUG  |  >>>>   Table row no "5", Cell no "17" appended ...  
2023-03-18 13:56:57,608  |  DEBUG  |  >>>>     
2023-03-18 13:56:57,622  |  DEBUG  |  >>>>   Table row no "5", Cell no "18" appended ...  
2023-03-18 13:56:57,623  |  DEBUG  |  >>>>     
2023-03-18 13:56:57,624  |  DEBUG  |  >>>>>>>   Table no 0 <<<<<<    
2023-03-18 13:56:57,624  |  DEBUG  |  >>>>     
2023-03-18 13:56:57,649  |  DEBUG  |  >>>>   Table row no "6", Cell no "1" appended ...  
2023-03-18 13:56:57,650  |  DEBUG  |  >>>>     
2023-03-18 13:56:57,665  |  DEBUG  |  >>>>   Table row no "6", Cell no "2" appended ...  
2023-03-18 13:56:57,665  |  DEBUG  |  >>>>     
2023-03-18 13:56:57,680  |  DEBUG  |  >>>>   Table row no "6", Cell no "3" appended ...  
2023-03-18 13:56:57,681  |  DEBUG  |  >>>>     
2023-03-18 13:56:57,695  |  DEBUG  |  >>>>   Table row no "6", Cell no "4" appended ...  
2023-03-18 13:56:57,696  |  DEBUG  |  >>>>     
2023-03-18 13:56:57,710  |  DEBUG  |  >>>>   Table row no "6", Cell no "5" appended ...  
2023-03-18 13:56:57,711  |  DEBUG  |  >>>>     
2023-03-18 13:56:57,726  |  DEBUG  |  >>>>   Table row no "6", Cell no "6" appended ...  
2023-03-18 13:56:57,727  |  DEBUG  |  >>>>     
2023-03-18 13:56:57,743  |  DEBUG  |  >>>>   Table row no "6", Cell no "7" appended ...  
2023-03-18 13:56:57,744  |  DEBUG  |  >>>>     
2023-03-18 13:56:57,759  |  DEBUG  |  >>>>   Table row no "6", Cell no "8" appended ...  
2023-03-18 13:56:57,760  |  DEBUG  |  >>>>     
2023-03-18 13:56:57,775  |  DEBUG  |  >>>>   Table row no "6", Cell no "9" appended ...  
2023-03-18 13:56:57,776  |  DEBUG  |  >>>>     
2023-03-18 13:56:57,791  |  DEBUG  |  >>>>   Table row no "6", Cell no "10" appended ...  
2023-03-18 13:56:57,792  |  DEBUG  |  >>>>     
2023-03-18 13:56:57,808  |  DEBUG  |  >>>>   Table row no "6", Cell no "11" appended ...  
2023-03-18 13:56:57,809  |  DEBUG  |  >>>>     
2023-03-18 13:56:57,823  |  DEBUG  |  >>>>   Table row no "6", Cell no "12" appended ...  
2023-03-18 13:56:57,824  |  DEBUG  |  >>>>     
2023-03-18 13:56:57,839  |  DEBUG  |  >>>>   Table row no "6", Cell no "13" appended ...  
2023-03-18 13:56:57,840  |  DEBUG  |  >>>>     
2023-03-18 13:56:57,855  |  DEBUG  |  >>>>   Table row no "6", Cell no "14" appended ...  
2023-03-18 13:56:57,856  |  DEBUG  |  >>>>     
2023-03-18 13:56:57,872  |  DEBUG  |  >>>>   Table row no "6", Cell no "15" appended ...  
2023-03-18 13:56:57,873  |  DEBUG  |  >>>>     
2023-03-18 13:56:57,891  |  DEBUG  |  >>>>   Table row no "6", Cell no "16" appended ...  
2023-03-18 13:56:57,892  |  DEBUG  |  >>>>     
2023-03-18 13:56:57,906  |  DEBUG  |  >>>>   Table row no "6", Cell no "17" appended ...  
2023-03-18 13:56:57,907  |  DEBUG  |  >>>>     
2023-03-18 13:56:57,923  |  DEBUG  |  >>>>   Table row no "6", Cell no "18" appended ...  
2023-03-18 13:56:57,923  |  DEBUG  |  >>>>     
2023-03-18 13:56:57,924  |  DEBUG  |  >>>>>>>   Table no 0 <<<<<<    
2023-03-18 13:56:57,925  |  DEBUG  |  >>>>     
2023-03-18 13:56:57,952  |  DEBUG  |  >>>>   Table row no "7", Cell no "1" appended ...  
2023-03-18 13:56:57,952  |  DEBUG  |  >>>>     
2023-03-18 13:56:57,967  |  DEBUG  |  >>>>   Table row no "7", Cell no "2" appended ...  
2023-03-18 13:56:57,967  |  DEBUG  |  >>>>     
2023-03-18 13:56:57,982  |  DEBUG  |  >>>>   Table row no "7", Cell no "3" appended ...  
2023-03-18 13:56:57,982  |  DEBUG  |  >>>>     
2023-03-18 13:56:57,998  |  DEBUG  |  >>>>   Table row no "7", Cell no "4" appended ...  
2023-03-18 13:56:57,999  |  DEBUG  |  >>>>     
2023-03-18 13:56:58,014  |  DEBUG  |  >>>>   Table row no "7", Cell no "5" appended ...  
2023-03-18 13:56:58,015  |  DEBUG  |  >>>>     
2023-03-18 13:56:58,030  |  DEBUG  |  >>>>   Table row no "7", Cell no "6" appended ...  
2023-03-18 13:56:58,031  |  DEBUG  |  >>>>     
2023-03-18 13:56:58,045  |  DEBUG  |  >>>>   Table row no "7", Cell no "7" appended ...  
2023-03-18 13:56:58,046  |  DEBUG  |  >>>>     
2023-03-18 13:56:58,061  |  DEBUG  |  >>>>   Table row no "7", Cell no "8" appended ...  
2023-03-18 13:56:58,063  |  DEBUG  |  >>>>     
2023-03-18 13:56:58,080  |  DEBUG  |  >>>>   Table row no "7", Cell no "9" appended ...  
2023-03-18 13:56:58,081  |  DEBUG  |  >>>>     
2023-03-18 13:56:58,097  |  DEBUG  |  >>>>   Table row no "7", Cell no "10" appended ...  
2023-03-18 13:56:58,098  |  DEBUG  |  >>>>     
2023-03-18 13:56:58,112  |  DEBUG  |  >>>>   Table row no "7", Cell no "11" appended ...  
2023-03-18 13:56:58,113  |  DEBUG  |  >>>>     
2023-03-18 13:56:58,128  |  DEBUG  |  >>>>   Table row no "7", Cell no "12" appended ...  
2023-03-18 13:56:58,129  |  DEBUG  |  >>>>     
2023-03-18 13:56:58,144  |  DEBUG  |  >>>>   Table row no "7", Cell no "13" appended ...  
2023-03-18 13:56:58,145  |  DEBUG  |  >>>>     
2023-03-18 13:56:58,160  |  DEBUG  |  >>>>   Table row no "7", Cell no "14" appended ...  
2023-03-18 13:56:58,161  |  DEBUG  |  >>>>     
2023-03-18 13:56:58,177  |  DEBUG  |  >>>>   Table row no "7", Cell no "15" appended ...  
2023-03-18 13:56:58,178  |  DEBUG  |  >>>>     
2023-03-18 13:56:58,192  |  DEBUG  |  >>>>   Table row no "7", Cell no "16" appended ...  
2023-03-18 13:56:58,194  |  DEBUG  |  >>>>     
2023-03-18 13:56:58,208  |  DEBUG  |  >>>>   Table row no "7", Cell no "17" appended ...  
2023-03-18 13:56:58,209  |  DEBUG  |  >>>>     
2023-03-18 13:56:58,223  |  DEBUG  |  >>>>   Table row no "7", Cell no "18" appended ...  
2023-03-18 13:56:58,224  |  DEBUG  |  >>>>     
2023-03-18 13:56:58,225  |  DEBUG  |  >>>>>>>   Table no 0 <<<<<<    
2023-03-18 13:56:58,226  |  DEBUG  |  >>>>     
2023-03-18 13:56:58,254  |  DEBUG  |  >>>>   Table row no "8", Cell no "1" appended ...  
2023-03-18 13:56:58,255  |  DEBUG  |  >>>>     
2023-03-18 13:56:58,270  |  DEBUG  |  >>>>   Table row no "8", Cell no "2" appended ...  
2023-03-18 13:56:58,271  |  DEBUG  |  >>>>     
2023-03-18 13:56:58,286  |  DEBUG  |  >>>>   Table row no "8", Cell no "3" appended ...  
2023-03-18 13:56:58,287  |  DEBUG  |  >>>>     
2023-03-18 13:56:58,302  |  DEBUG  |  >>>>   Table row no "8", Cell no "4" appended ...  
2023-03-18 13:56:58,303  |  DEBUG  |  >>>>     
2023-03-18 13:56:58,319  |  DEBUG  |  >>>>   Table row no "8", Cell no "5" appended ...  
2023-03-18 13:56:58,320  |  DEBUG  |  >>>>     
2023-03-18 13:56:58,335  |  DEBUG  |  >>>>   Table row no "8", Cell no "6" appended ...  
2023-03-18 13:56:58,336  |  DEBUG  |  >>>>     
2023-03-18 13:56:58,351  |  DEBUG  |  >>>>   Table row no "8", Cell no "7" appended ...  
2023-03-18 13:56:58,353  |  DEBUG  |  >>>>     
2023-03-18 13:56:58,368  |  DEBUG  |  >>>>   Table row no "8", Cell no "8" appended ...  
2023-03-18 13:56:58,369  |  DEBUG  |  >>>>     
2023-03-18 13:56:58,385  |  DEBUG  |  >>>>   Table row no "8", Cell no "9" appended ...  
2023-03-18 13:56:58,386  |  DEBUG  |  >>>>     
2023-03-18 13:56:58,406  |  DEBUG  |  >>>>   Table row no "8", Cell no "10" appended ...  
2023-03-18 13:56:58,407  |  DEBUG  |  >>>>     
2023-03-18 13:56:58,425  |  DEBUG  |  >>>>   Table row no "8", Cell no "11" appended ...  
2023-03-18 13:56:58,426  |  DEBUG  |  >>>>     
2023-03-18 13:56:58,444  |  DEBUG  |  >>>>   Table row no "8", Cell no "12" appended ...  
2023-03-18 13:56:58,445  |  DEBUG  |  >>>>     
2023-03-18 13:56:58,460  |  DEBUG  |  >>>>   Table row no "8", Cell no "13" appended ...  
2023-03-18 13:56:58,462  |  DEBUG  |  >>>>     
2023-03-18 13:56:58,476  |  DEBUG  |  >>>>   Table row no "8", Cell no "14" appended ...  
2023-03-18 13:56:58,477  |  DEBUG  |  >>>>     
2023-03-18 13:56:58,495  |  DEBUG  |  >>>>   Table row no "8", Cell no "15" appended ...  
2023-03-18 13:56:58,495  |  DEBUG  |  >>>>     
2023-03-18 13:56:58,510  |  DEBUG  |  >>>>   Table row no "8", Cell no "16" appended ...  
2023-03-18 13:56:58,511  |  DEBUG  |  >>>>     
2023-03-18 13:56:58,527  |  DEBUG  |  >>>>   Table row no "8", Cell no "17" appended ...  
2023-03-18 13:56:58,528  |  DEBUG  |  >>>>     
2023-03-18 13:56:58,543  |  DEBUG  |  >>>>   Table row no "8", Cell no "18" appended ...  
2023-03-18 13:56:58,544  |  DEBUG  |  >>>>     
2023-03-18 13:56:58,545  |  DEBUG  |  >>>>>>>   Table no 0 <<<<<<    
2023-03-18 13:56:58,545  |  DEBUG  |  >>>>     
2023-03-18 13:56:58,572  |  DEBUG  |  >>>>   Table row no "9", Cell no "1" appended ...  
2023-03-18 13:56:58,574  |  DEBUG  |  >>>>     
2023-03-18 13:56:58,589  |  DEBUG  |  >>>>   Table row no "9", Cell no "2" appended ...  
2023-03-18 13:56:58,590  |  DEBUG  |  >>>>     
2023-03-18 13:56:58,605  |  DEBUG  |  >>>>   Table row no "9", Cell no "3" appended ...  
2023-03-18 13:56:58,606  |  DEBUG  |  >>>>     
2023-03-18 13:56:58,621  |  DEBUG  |  >>>>   Table row no "9", Cell no "4" appended ...  
2023-03-18 13:56:58,622  |  DEBUG  |  >>>>     
2023-03-18 13:56:58,639  |  DEBUG  |  >>>>   Table row no "9", Cell no "5" appended ...  
2023-03-18 13:56:58,640  |  DEBUG  |  >>>>     
2023-03-18 13:56:58,656  |  DEBUG  |  >>>>   Table row no "9", Cell no "6" appended ...  
2023-03-18 13:56:58,657  |  DEBUG  |  >>>>     
2023-03-18 13:56:58,672  |  DEBUG  |  >>>>   Table row no "9", Cell no "7" appended ...  
2023-03-18 13:56:58,673  |  DEBUG  |  >>>>     
2023-03-18 13:56:58,688  |  DEBUG  |  >>>>   Table row no "9", Cell no "8" appended ...  
2023-03-18 13:56:58,689  |  DEBUG  |  >>>>     
2023-03-18 13:56:58,703  |  DEBUG  |  >>>>   Table row no "9", Cell no "9" appended ...  
2023-03-18 13:56:58,704  |  DEBUG  |  >>>>     
2023-03-18 13:56:58,723  |  DEBUG  |  >>>>   Table row no "9", Cell no "10" appended ...  
2023-03-18 13:56:58,724  |  DEBUG  |  >>>>     
2023-03-18 13:56:58,743  |  DEBUG  |  >>>>   Table row no "9", Cell no "11" appended ...  
2023-03-18 13:56:58,744  |  DEBUG  |  >>>>     
2023-03-18 13:56:58,759  |  DEBUG  |  >>>>   Table row no "9", Cell no "12" appended ...  
2023-03-18 13:56:58,760  |  DEBUG  |  >>>>     
2023-03-18 13:56:58,774  |  DEBUG  |  >>>>   Table row no "9", Cell no "13" appended ...  
2023-03-18 13:56:58,775  |  DEBUG  |  >>>>     
2023-03-18 13:56:58,790  |  DEBUG  |  >>>>   Table row no "9", Cell no "14" appended ...  
2023-03-18 13:56:58,790  |  DEBUG  |  >>>>     
2023-03-18 13:56:58,808  |  DEBUG  |  >>>>   Table row no "9", Cell no "15" appended ...  
2023-03-18 13:56:58,808  |  DEBUG  |  >>>>     
2023-03-18 13:56:58,822  |  DEBUG  |  >>>>   Table row no "9", Cell no "16" appended ...  
2023-03-18 13:56:58,824  |  DEBUG  |  >>>>     
2023-03-18 13:56:58,840  |  DEBUG  |  >>>>   Table row no "9", Cell no "17" appended ...  
2023-03-18 13:56:58,841  |  DEBUG  |  >>>>     
2023-03-18 13:56:58,858  |  DEBUG  |  >>>>   Table row no "9", Cell no "18" appended ...  
2023-03-18 13:56:58,860  |  DEBUG  |  >>>>     
2023-03-18 13:56:58,861  |  DEBUG  |  >>>>>>>   Table no 0 <<<<<<    
2023-03-18 13:56:58,863  |  DEBUG  |  >>>>     
2023-03-18 13:56:58,889  |  DEBUG  |  >>>>   Table row no "10", Cell no "1" appended ...  
2023-03-18 13:56:58,890  |  DEBUG  |  >>>>     
2023-03-18 13:56:58,905  |  DEBUG  |  >>>>   Table row no "10", Cell no "2" appended ...  
2023-03-18 13:56:58,906  |  DEBUG  |  >>>>     
2023-03-18 13:56:58,921  |  DEBUG  |  >>>>   Table row no "10", Cell no "3" appended ...  
2023-03-18 13:56:58,922  |  DEBUG  |  >>>>     
2023-03-18 13:56:58,937  |  DEBUG  |  >>>>   Table row no "10", Cell no "4" appended ...  
2023-03-18 13:56:58,937  |  DEBUG  |  >>>>     
2023-03-18 13:56:58,952  |  DEBUG  |  >>>>   Table row no "10", Cell no "5" appended ...  
2023-03-18 13:56:58,952  |  DEBUG  |  >>>>     
2023-03-18 13:56:58,968  |  DEBUG  |  >>>>   Table row no "10", Cell no "6" appended ...  
2023-03-18 13:56:58,969  |  DEBUG  |  >>>>     
2023-03-18 13:56:58,985  |  DEBUG  |  >>>>   Table row no "10", Cell no "7" appended ...  
2023-03-18 13:56:58,986  |  DEBUG  |  >>>>     
2023-03-18 13:56:59,001  |  DEBUG  |  >>>>   Table row no "10", Cell no "8" appended ...  
2023-03-18 13:56:59,002  |  DEBUG  |  >>>>     
2023-03-18 13:56:59,019  |  DEBUG  |  >>>>   Table row no "10", Cell no "9" appended ...  
2023-03-18 13:56:59,020  |  DEBUG  |  >>>>     
2023-03-18 13:56:59,036  |  DEBUG  |  >>>>   Table row no "10", Cell no "10" appended ...  
2023-03-18 13:56:59,037  |  DEBUG  |  >>>>     
2023-03-18 13:56:59,053  |  DEBUG  |  >>>>   Table row no "10", Cell no "11" appended ...  
2023-03-18 13:56:59,054  |  DEBUG  |  >>>>     
2023-03-18 13:56:59,069  |  DEBUG  |  >>>>   Table row no "10", Cell no "12" appended ...  
2023-03-18 13:56:59,069  |  DEBUG  |  >>>>     
2023-03-18 13:56:59,085  |  DEBUG  |  >>>>   Table row no "10", Cell no "13" appended ...  
2023-03-18 13:56:59,086  |  DEBUG  |  >>>>     
2023-03-18 13:56:59,102  |  DEBUG  |  >>>>   Table row no "10", Cell no "14" appended ...  
2023-03-18 13:56:59,103  |  DEBUG  |  >>>>     
2023-03-18 13:56:59,118  |  DEBUG  |  >>>>   Table row no "10", Cell no "15" appended ...  
2023-03-18 13:56:59,120  |  DEBUG  |  >>>>     
2023-03-18 13:56:59,135  |  DEBUG  |  >>>>   Table row no "10", Cell no "16" appended ...  
2023-03-18 13:56:59,136  |  DEBUG  |  >>>>     
2023-03-18 13:56:59,153  |  DEBUG  |  >>>>   Table row no "10", Cell no "17" appended ...  
2023-03-18 13:56:59,154  |  DEBUG  |  >>>>     
2023-03-18 13:56:59,170  |  DEBUG  |  >>>>   Table row no "10", Cell no "18" appended ...  
2023-03-18 13:56:59,171  |  DEBUG  |  >>>>     
2023-03-18 13:56:59,171  |  DEBUG  |  >>>>>>>   Table no 0 <<<<<<    
2023-03-18 13:56:59,173  |  DEBUG  |  >>>>     
2023-03-18 13:56:59,201  |  DEBUG  |  >>>>   Table row no "11", Cell no "1" appended ...  
2023-03-18 13:56:59,202  |  DEBUG  |  >>>>     
2023-03-18 13:56:59,219  |  DEBUG  |  >>>>   Table row no "11", Cell no "2" appended ...  
2023-03-18 13:56:59,220  |  DEBUG  |  >>>>     
2023-03-18 13:56:59,236  |  DEBUG  |  >>>>   Table row no "11", Cell no "3" appended ...  
2023-03-18 13:56:59,238  |  DEBUG  |  >>>>     
2023-03-18 13:56:59,255  |  DEBUG  |  >>>>   Table row no "11", Cell no "4" appended ...  
2023-03-18 13:56:59,256  |  DEBUG  |  >>>>     
2023-03-18 13:56:59,275  |  DEBUG  |  >>>>   Table row no "11", Cell no "5" appended ...  
2023-03-18 13:56:59,276  |  DEBUG  |  >>>>     
2023-03-18 13:56:59,293  |  DEBUG  |  >>>>   Table row no "11", Cell no "6" appended ...  
2023-03-18 13:56:59,294  |  DEBUG  |  >>>>     
2023-03-18 13:56:59,311  |  DEBUG  |  >>>>   Table row no "11", Cell no "7" appended ...  
2023-03-18 13:56:59,312  |  DEBUG  |  >>>>     
2023-03-18 13:56:59,329  |  DEBUG  |  >>>>   Table row no "11", Cell no "8" appended ...  
2023-03-18 13:56:59,330  |  DEBUG  |  >>>>     
2023-03-18 13:56:59,349  |  DEBUG  |  >>>>   Table row no "11", Cell no "9" appended ...  
2023-03-18 13:56:59,350  |  DEBUG  |  >>>>     
2023-03-18 13:56:59,368  |  DEBUG  |  >>>>   Table row no "11", Cell no "10" appended ...  
2023-03-18 13:56:59,369  |  DEBUG  |  >>>>     
2023-03-18 13:56:59,386  |  DEBUG  |  >>>>   Table row no "11", Cell no "11" appended ...  
2023-03-18 13:56:59,386  |  DEBUG  |  >>>>     
2023-03-18 13:56:59,403  |  DEBUG  |  >>>>   Table row no "11", Cell no "12" appended ...  
2023-03-18 13:56:59,404  |  DEBUG  |  >>>>     
2023-03-18 13:56:59,422  |  DEBUG  |  >>>>   Table row no "11", Cell no "13" appended ...  
2023-03-18 13:56:59,423  |  DEBUG  |  >>>>     
2023-03-18 13:56:59,439  |  DEBUG  |  >>>>   Table row no "11", Cell no "14" appended ...  
2023-03-18 13:56:59,440  |  DEBUG  |  >>>>     
2023-03-18 13:56:59,459  |  DEBUG  |  >>>>   Table row no "11", Cell no "15" appended ...  
2023-03-18 13:56:59,460  |  DEBUG  |  >>>>     
2023-03-18 13:56:59,477  |  DEBUG  |  >>>>   Table row no "11", Cell no "16" appended ...  
2023-03-18 13:56:59,478  |  DEBUG  |  >>>>     
2023-03-18 13:56:59,494  |  DEBUG  |  >>>>   Table row no "11", Cell no "17" appended ...  
2023-03-18 13:56:59,494  |  DEBUG  |  >>>>     
2023-03-18 13:56:59,510  |  DEBUG  |  >>>>   Table row no "11", Cell no "18" appended ...  
2023-03-18 13:56:59,511  |  DEBUG  |  >>>>     
2023-03-18 13:56:59,512  |  DEBUG  |  >>>>>>>   Table no 0 <<<<<<    
2023-03-18 13:56:59,512  |  DEBUG  |  >>>>     
2023-03-18 13:56:59,538  |  DEBUG  |  >>>>   Table row no "12", Cell no "1" appended ...  
2023-03-18 13:56:59,539  |  DEBUG  |  >>>>     
2023-03-18 13:56:59,555  |  DEBUG  |  >>>>   Table row no "12", Cell no "2" appended ...  
2023-03-18 13:56:59,556  |  DEBUG  |  >>>>     
2023-03-18 13:56:59,571  |  DEBUG  |  >>>>   Table row no "12", Cell no "3" appended ...  
2023-03-18 13:56:59,572  |  DEBUG  |  >>>>     
2023-03-18 13:56:59,588  |  DEBUG  |  >>>>   Table row no "12", Cell no "4" appended ...  
2023-03-18 13:56:59,589  |  DEBUG  |  >>>>     
2023-03-18 13:56:59,603  |  DEBUG  |  >>>>   Table row no "12", Cell no "5" appended ...  
2023-03-18 13:56:59,604  |  DEBUG  |  >>>>     
2023-03-18 13:56:59,620  |  DEBUG  |  >>>>   Table row no "12", Cell no "6" appended ...  
2023-03-18 13:56:59,621  |  DEBUG  |  >>>>     
2023-03-18 13:56:59,637  |  DEBUG  |  >>>>   Table row no "12", Cell no "7" appended ...  
2023-03-18 13:56:59,638  |  DEBUG  |  >>>>     
2023-03-18 13:56:59,653  |  DEBUG  |  >>>>   Table row no "12", Cell no "8" appended ...  
2023-03-18 13:56:59,654  |  DEBUG  |  >>>>     
2023-03-18 13:56:59,670  |  DEBUG  |  >>>>   Table row no "12", Cell no "9" appended ...  
2023-03-18 13:56:59,671  |  DEBUG  |  >>>>     
2023-03-18 13:56:59,688  |  DEBUG  |  >>>>   Table row no "12", Cell no "10" appended ...  
2023-03-18 13:56:59,689  |  DEBUG  |  >>>>     
2023-03-18 13:56:59,705  |  DEBUG  |  >>>>   Table row no "12", Cell no "11" appended ...  
2023-03-18 13:56:59,706  |  DEBUG  |  >>>>     
2023-03-18 13:56:59,722  |  DEBUG  |  >>>>   Table row no "12", Cell no "12" appended ...  
2023-03-18 13:56:59,723  |  DEBUG  |  >>>>     
2023-03-18 13:56:59,739  |  DEBUG  |  >>>>   Table row no "12", Cell no "13" appended ...  
2023-03-18 13:56:59,740  |  DEBUG  |  >>>>     
2023-03-18 13:56:59,756  |  DEBUG  |  >>>>   Table row no "12", Cell no "14" appended ...  
2023-03-18 13:56:59,757  |  DEBUG  |  >>>>     
2023-03-18 13:56:59,772  |  DEBUG  |  >>>>   Table row no "12", Cell no "15" appended ...  
2023-03-18 13:56:59,774  |  DEBUG  |  >>>>     
2023-03-18 13:56:59,789  |  DEBUG  |  >>>>   Table row no "12", Cell no "16" appended ...  
2023-03-18 13:56:59,790  |  DEBUG  |  >>>>     
2023-03-18 13:56:59,807  |  DEBUG  |  >>>>   Table row no "12", Cell no "17" appended ...  
2023-03-18 13:56:59,808  |  DEBUG  |  >>>>     
2023-03-18 13:56:59,825  |  DEBUG  |  >>>>   Table row no "12", Cell no "18" appended ...  
2023-03-18 13:56:59,826  |  DEBUG  |  >>>>     
2023-03-18 13:56:59,827  |  DEBUG  |  >>>>>>>   Table no 0 <<<<<<    
2023-03-18 13:56:59,827  |  DEBUG  |  >>>>     
2023-03-18 13:56:59,854  |  DEBUG  |  >>>>   Table row no "13", Cell no "1" appended ...  
2023-03-18 13:56:59,854  |  DEBUG  |  >>>>     
2023-03-18 13:56:59,871  |  DEBUG  |  >>>>   Table row no "13", Cell no "2" appended ...  
2023-03-18 13:56:59,872  |  DEBUG  |  >>>>     
2023-03-18 13:56:59,888  |  DEBUG  |  >>>>   Table row no "13", Cell no "3" appended ...  
2023-03-18 13:56:59,888  |  DEBUG  |  >>>>     
2023-03-18 13:56:59,905  |  DEBUG  |  >>>>   Table row no "13", Cell no "4" appended ...  
2023-03-18 13:56:59,906  |  DEBUG  |  >>>>     
2023-03-18 13:56:59,921  |  DEBUG  |  >>>>   Table row no "13", Cell no "5" appended ...  
2023-03-18 13:56:59,922  |  DEBUG  |  >>>>     
2023-03-18 13:56:59,938  |  DEBUG  |  >>>>   Table row no "13", Cell no "6" appended ...  
2023-03-18 13:56:59,939  |  DEBUG  |  >>>>     
2023-03-18 13:56:59,955  |  DEBUG  |  >>>>   Table row no "13", Cell no "7" appended ...  
2023-03-18 13:56:59,956  |  DEBUG  |  >>>>     
2023-03-18 13:56:59,972  |  DEBUG  |  >>>>   Table row no "13", Cell no "8" appended ...  
2023-03-18 13:56:59,973  |  DEBUG  |  >>>>     
2023-03-18 13:56:59,989  |  DEBUG  |  >>>>   Table row no "13", Cell no "9" appended ...  
2023-03-18 13:56:59,990  |  DEBUG  |  >>>>     
2023-03-18 13:57:00,006  |  DEBUG  |  >>>>   Table row no "13", Cell no "10" appended ...  
2023-03-18 13:57:00,007  |  DEBUG  |  >>>>     
2023-03-18 13:57:00,023  |  DEBUG  |  >>>>   Table row no "13", Cell no "11" appended ...  
2023-03-18 13:57:00,025  |  DEBUG  |  >>>>     
2023-03-18 13:57:00,043  |  DEBUG  |  >>>>   Table row no "13", Cell no "12" appended ...  
2023-03-18 13:57:00,044  |  DEBUG  |  >>>>     
2023-03-18 13:57:00,061  |  DEBUG  |  >>>>   Table row no "13", Cell no "13" appended ...  
2023-03-18 13:57:00,062  |  DEBUG  |  >>>>     
2023-03-18 13:57:00,079  |  DEBUG  |  >>>>   Table row no "13", Cell no "14" appended ...  
2023-03-18 13:57:00,080  |  DEBUG  |  >>>>     
2023-03-18 13:57:00,095  |  DEBUG  |  >>>>   Table row no "13", Cell no "15" appended ...  
2023-03-18 13:57:00,096  |  DEBUG  |  >>>>     
2023-03-18 13:57:00,111  |  DEBUG  |  >>>>   Table row no "13", Cell no "16" appended ...  
2023-03-18 13:57:00,112  |  DEBUG  |  >>>>     
2023-03-18 13:57:00,131  |  DEBUG  |  >>>>   Table row no "13", Cell no "17" appended ...  
2023-03-18 13:57:00,132  |  DEBUG  |  >>>>     
2023-03-18 13:57:00,148  |  DEBUG  |  >>>>   Table row no "13", Cell no "18" appended ...  
2023-03-18 13:57:00,148  |  DEBUG  |  >>>>     
2023-03-18 13:57:00,149  |  DEBUG  |  >>>>>>>   Table no 0 <<<<<<    
2023-03-18 13:57:00,150  |  DEBUG  |  >>>>     
2023-03-18 13:57:00,177  |  DEBUG  |  >>>>   Table row no "14", Cell no "1" appended ...  
2023-03-18 13:57:00,178  |  DEBUG  |  >>>>     
2023-03-18 13:57:00,194  |  DEBUG  |  >>>>   Table row no "14", Cell no "2" appended ...  
2023-03-18 13:57:00,196  |  DEBUG  |  >>>>     
2023-03-18 13:57:00,212  |  DEBUG  |  >>>>   Table row no "14", Cell no "3" appended ...  
2023-03-18 13:57:00,213  |  DEBUG  |  >>>>     
2023-03-18 13:57:00,229  |  DEBUG  |  >>>>   Table row no "14", Cell no "4" appended ...  
2023-03-18 13:57:00,230  |  DEBUG  |  >>>>     
2023-03-18 13:57:00,248  |  DEBUG  |  >>>>   Table row no "14", Cell no "5" appended ...  
2023-03-18 13:57:00,250  |  DEBUG  |  >>>>     
2023-03-18 13:57:00,267  |  DEBUG  |  >>>>   Table row no "14", Cell no "6" appended ...  
2023-03-18 13:57:00,267  |  DEBUG  |  >>>>     
2023-03-18 13:57:00,285  |  DEBUG  |  >>>>   Table row no "14", Cell no "7" appended ...  
2023-03-18 13:57:00,286  |  DEBUG  |  >>>>     
2023-03-18 13:57:00,303  |  DEBUG  |  >>>>   Table row no "14", Cell no "8" appended ...  
2023-03-18 13:57:00,304  |  DEBUG  |  >>>>     
2023-03-18 13:57:00,321  |  DEBUG  |  >>>>   Table row no "14", Cell no "9" appended ...  
2023-03-18 13:57:00,322  |  DEBUG  |  >>>>     
2023-03-18 13:57:00,339  |  DEBUG  |  >>>>   Table row no "14", Cell no "10" appended ...  
2023-03-18 13:57:00,339  |  DEBUG  |  >>>>     
2023-03-18 13:57:00,356  |  DEBUG  |  >>>>   Table row no "14", Cell no "11" appended ...  
2023-03-18 13:57:00,357  |  DEBUG  |  >>>>     
2023-03-18 13:57:00,372  |  DEBUG  |  >>>>   Table row no "14", Cell no "12" appended ...  
2023-03-18 13:57:00,373  |  DEBUG  |  >>>>     
2023-03-18 13:57:00,389  |  DEBUG  |  >>>>   Table row no "14", Cell no "13" appended ...  
2023-03-18 13:57:00,390  |  DEBUG  |  >>>>     
2023-03-18 13:57:00,406  |  DEBUG  |  >>>>   Table row no "14", Cell no "14" appended ...  
2023-03-18 13:57:00,407  |  DEBUG  |  >>>>     
2023-03-18 13:57:00,424  |  DEBUG  |  >>>>   Table row no "14", Cell no "15" appended ...  
2023-03-18 13:57:00,425  |  DEBUG  |  >>>>     
2023-03-18 13:57:00,441  |  DEBUG  |  >>>>   Table row no "14", Cell no "16" appended ...  
2023-03-18 13:57:00,442  |  DEBUG  |  >>>>     
2023-03-18 13:57:00,459  |  DEBUG  |  >>>>   Table row no "14", Cell no "17" appended ...  
2023-03-18 13:57:00,460  |  DEBUG  |  >>>>     
2023-03-18 13:57:00,479  |  DEBUG  |  >>>>   Table row no "14", Cell no "18" appended ...  
2023-03-18 13:57:00,480  |  DEBUG  |  >>>>     
2023-03-18 13:57:00,481  |  DEBUG  |  >>>>>>>   Table no 0 <<<<<<    
2023-03-18 13:57:00,481  |  DEBUG  |  >>>>     
2023-03-18 13:57:00,508  |  DEBUG  |  >>>>   Table row no "15", Cell no "1" appended ...  
2023-03-18 13:57:00,509  |  DEBUG  |  >>>>     
2023-03-18 13:57:00,527  |  DEBUG  |  >>>>   Table row no "15", Cell no "2" appended ...  
2023-03-18 13:57:00,528  |  DEBUG  |  >>>>     
2023-03-18 13:57:00,544  |  DEBUG  |  >>>>   Table row no "15", Cell no "3" appended ...  
2023-03-18 13:57:00,545  |  DEBUG  |  >>>>     
2023-03-18 13:57:00,561  |  DEBUG  |  >>>>   Table row no "15", Cell no "4" appended ...  
2023-03-18 13:57:00,562  |  DEBUG  |  >>>>     
2023-03-18 13:57:00,579  |  DEBUG  |  >>>>   Table row no "15", Cell no "5" appended ...  
2023-03-18 13:57:00,580  |  DEBUG  |  >>>>     
2023-03-18 13:57:00,598  |  DEBUG  |  >>>>   Table row no "15", Cell no "6" appended ...  
2023-03-18 13:57:00,599  |  DEBUG  |  >>>>     
2023-03-18 13:57:00,616  |  DEBUG  |  >>>>   Table row no "15", Cell no "7" appended ...  
2023-03-18 13:57:00,617  |  DEBUG  |  >>>>     
2023-03-18 13:57:00,633  |  DEBUG  |  >>>>   Table row no "15", Cell no "8" appended ...  
2023-03-18 13:57:00,634  |  DEBUG  |  >>>>     
2023-03-18 13:57:00,650  |  DEBUG  |  >>>>   Table row no "15", Cell no "9" appended ...  
2023-03-18 13:57:00,652  |  DEBUG  |  >>>>     
2023-03-18 13:57:00,671  |  DEBUG  |  >>>>   Table row no "15", Cell no "10" appended ...  
2023-03-18 13:57:00,672  |  DEBUG  |  >>>>     
2023-03-18 13:57:00,689  |  DEBUG  |  >>>>   Table row no "15", Cell no "11" appended ...  
2023-03-18 13:57:00,690  |  DEBUG  |  >>>>     
2023-03-18 13:57:00,707  |  DEBUG  |  >>>>   Table row no "15", Cell no "12" appended ...  
2023-03-18 13:57:00,708  |  DEBUG  |  >>>>     
2023-03-18 13:57:00,725  |  DEBUG  |  >>>>   Table row no "15", Cell no "13" appended ...  
2023-03-18 13:57:00,727  |  DEBUG  |  >>>>     
2023-03-18 13:57:00,744  |  DEBUG  |  >>>>   Table row no "15", Cell no "14" appended ...  
2023-03-18 13:57:00,745  |  DEBUG  |  >>>>     
2023-03-18 13:57:00,764  |  DEBUG  |  >>>>   Table row no "15", Cell no "15" appended ...  
2023-03-18 13:57:00,765  |  DEBUG  |  >>>>     
2023-03-18 13:57:00,782  |  DEBUG  |  >>>>   Table row no "15", Cell no "16" appended ...  
2023-03-18 13:57:00,783  |  DEBUG  |  >>>>     
2023-03-18 13:57:00,800  |  DEBUG  |  >>>>   Table row no "15", Cell no "17" appended ...  
2023-03-18 13:57:00,800  |  DEBUG  |  >>>>     
2023-03-18 13:57:00,818  |  DEBUG  |  >>>>   Table row no "15", Cell no "18" appended ...  
2023-03-18 13:57:00,818  |  DEBUG  |  >>>>     
2023-03-18 13:57:00,819  |  DEBUG  |  >>>>>>>   Table no 0 <<<<<<    
2023-03-18 13:57:00,820  |  DEBUG  |  >>>>     
2023-03-18 13:57:00,849  |  DEBUG  |  >>>>   Table row no "16", Cell no "1" appended ...  
2023-03-18 13:57:00,850  |  DEBUG  |  >>>>     
2023-03-18 13:57:00,867  |  DEBUG  |  >>>>   Table row no "16", Cell no "2" appended ...  
2023-03-18 13:57:00,867  |  DEBUG  |  >>>>     
2023-03-18 13:57:00,885  |  DEBUG  |  >>>>   Table row no "16", Cell no "3" appended ...  
2023-03-18 13:57:00,886  |  DEBUG  |  >>>>     
2023-03-18 13:57:00,901  |  DEBUG  |  >>>>   Table row no "16", Cell no "4" appended ...  
2023-03-18 13:57:00,902  |  DEBUG  |  >>>>     
2023-03-18 13:57:00,919  |  DEBUG  |  >>>>   Table row no "16", Cell no "5" appended ...  
2023-03-18 13:57:00,919  |  DEBUG  |  >>>>     
2023-03-18 13:57:00,937  |  DEBUG  |  >>>>   Table row no "16", Cell no "6" appended ...  
2023-03-18 13:57:00,938  |  DEBUG  |  >>>>     
2023-03-18 13:57:00,954  |  DEBUG  |  >>>>   Table row no "16", Cell no "7" appended ...  
2023-03-18 13:57:00,955  |  DEBUG  |  >>>>     
2023-03-18 13:57:00,978  |  DEBUG  |  >>>>   Table row no "16", Cell no "8" appended ...  
2023-03-18 13:57:00,979  |  DEBUG  |  >>>>     
2023-03-18 13:57:01,000  |  DEBUG  |  >>>>   Table row no "16", Cell no "9" appended ...  
2023-03-18 13:57:01,000  |  DEBUG  |  >>>>     
2023-03-18 13:57:01,018  |  DEBUG  |  >>>>   Table row no "16", Cell no "10" appended ...  
2023-03-18 13:57:01,019  |  DEBUG  |  >>>>     
2023-03-18 13:57:01,036  |  DEBUG  |  >>>>   Table row no "16", Cell no "11" appended ...  
2023-03-18 13:57:01,037  |  DEBUG  |  >>>>     
2023-03-18 13:57:01,053  |  DEBUG  |  >>>>   Table row no "16", Cell no "12" appended ...  
2023-03-18 13:57:01,054  |  DEBUG  |  >>>>     
2023-03-18 13:57:01,069  |  DEBUG  |  >>>>   Table row no "16", Cell no "13" appended ...  
2023-03-18 13:57:01,070  |  DEBUG  |  >>>>     
2023-03-18 13:57:01,087  |  DEBUG  |  >>>>   Table row no "16", Cell no "14" appended ...  
2023-03-18 13:57:01,088  |  DEBUG  |  >>>>     
2023-03-18 13:57:01,104  |  DEBUG  |  >>>>   Table row no "16", Cell no "15" appended ...  
2023-03-18 13:57:01,105  |  DEBUG  |  >>>>     
2023-03-18 13:57:01,122  |  DEBUG  |  >>>>   Table row no "16", Cell no "16" appended ...  
2023-03-18 13:57:01,122  |  DEBUG  |  >>>>     
2023-03-18 13:57:01,138  |  DEBUG  |  >>>>   Table row no "16", Cell no "17" appended ...  
2023-03-18 13:57:01,139  |  DEBUG  |  >>>>     
2023-03-18 13:57:01,156  |  DEBUG  |  >>>>   Table row no "16", Cell no "18" appended ...  
2023-03-18 13:57:01,156  |  DEBUG  |  >>>>     
2023-03-18 13:57:01,157  |  DEBUG  |  >>>>>>>   Table no 0 <<<<<<    
2023-03-18 13:57:01,159  |  DEBUG  |  >>>>     
2023-03-18 13:57:01,186  |  DEBUG  |  >>>>   Table row no "17", Cell no "1" appended ...  
2023-03-18 13:57:01,187  |  DEBUG  |  >>>>     
2023-03-18 13:57:01,205  |  DEBUG  |  >>>>   Table row no "17", Cell no "2" appended ...  
2023-03-18 13:57:01,206  |  DEBUG  |  >>>>     
2023-03-18 13:57:01,224  |  DEBUG  |  >>>>   Table row no "17", Cell no "3" appended ...  
2023-03-18 13:57:01,225  |  DEBUG  |  >>>>     
2023-03-18 13:57:01,242  |  DEBUG  |  >>>>   Table row no "17", Cell no "4" appended ...  
2023-03-18 13:57:01,243  |  DEBUG  |  >>>>     
2023-03-18 13:57:01,261  |  DEBUG  |  >>>>   Table row no "17", Cell no "5" appended ...  
2023-03-18 13:57:01,262  |  DEBUG  |  >>>>     
2023-03-18 13:57:01,279  |  DEBUG  |  >>>>   Table row no "17", Cell no "6" appended ...  
2023-03-18 13:57:01,280  |  DEBUG  |  >>>>     
2023-03-18 13:57:01,298  |  DEBUG  |  >>>>   Table row no "17", Cell no "7" appended ...  
2023-03-18 13:57:01,299  |  DEBUG  |  >>>>     
2023-03-18 13:57:01,316  |  DEBUG  |  >>>>   Table row no "17", Cell no "8" appended ...  
2023-03-18 13:57:01,317  |  DEBUG  |  >>>>     
2023-03-18 13:57:01,334  |  DEBUG  |  >>>>   Table row no "17", Cell no "9" appended ...  
2023-03-18 13:57:01,335  |  DEBUG  |  >>>>     
2023-03-18 13:57:01,355  |  DEBUG  |  >>>>   Table row no "17", Cell no "10" appended ...  
2023-03-18 13:57:01,356  |  DEBUG  |  >>>>     
2023-03-18 13:57:01,373  |  DEBUG  |  >>>>   Table row no "17", Cell no "11" appended ...  
2023-03-18 13:57:01,374  |  DEBUG  |  >>>>     
2023-03-18 13:57:01,391  |  DEBUG  |  >>>>   Table row no "17", Cell no "12" appended ...  
2023-03-18 13:57:01,392  |  DEBUG  |  >>>>     
2023-03-18 13:57:01,411  |  DEBUG  |  >>>>   Table row no "17", Cell no "13" appended ...  
2023-03-18 13:57:01,412  |  DEBUG  |  >>>>     
2023-03-18 13:57:01,429  |  DEBUG  |  >>>>   Table row no "17", Cell no "14" appended ...  
2023-03-18 13:57:01,430  |  DEBUG  |  >>>>     
2023-03-18 13:57:01,449  |  DEBUG  |  >>>>   Table row no "17", Cell no "15" appended ...  
2023-03-18 13:57:01,450  |  DEBUG  |  >>>>     
2023-03-18 13:57:01,466  |  DEBUG  |  >>>>   Table row no "17", Cell no "16" appended ...  
2023-03-18 13:57:01,467  |  DEBUG  |  >>>>     
2023-03-18 13:57:01,485  |  DEBUG  |  >>>>   Table row no "17", Cell no "17" appended ...  
2023-03-18 13:57:01,486  |  DEBUG  |  >>>>     
2023-03-18 13:57:01,506  |  DEBUG  |  >>>>   Table row no "17", Cell no "18" appended ...  
2023-03-18 13:57:01,507  |  DEBUG  |  >>>>     
2023-03-18 13:57:01,508  |  DEBUG  |  >>>>>>>   Table no 0 <<<<<<    
2023-03-18 13:57:01,508  |  DEBUG  |  >>>>     
2023-03-18 13:57:01,535  |  DEBUG  |  >>>>   Table row no "18", Cell no "1" appended ...  
2023-03-18 13:57:01,536  |  DEBUG  |  >>>>     
2023-03-18 13:57:01,556  |  DEBUG  |  >>>>   Table row no "18", Cell no "2" appended ...  
2023-03-18 13:57:01,557  |  DEBUG  |  >>>>     
2023-03-18 13:57:01,575  |  DEBUG  |  >>>>   Table row no "18", Cell no "3" appended ...  
2023-03-18 13:57:01,576  |  DEBUG  |  >>>>     
2023-03-18 13:57:01,594  |  DEBUG  |  >>>>   Table row no "18", Cell no "4" appended ...  
2023-03-18 13:57:01,595  |  DEBUG  |  >>>>     
2023-03-18 13:57:01,612  |  DEBUG  |  >>>>   Table row no "18", Cell no "5" appended ...  
2023-03-18 13:57:01,613  |  DEBUG  |  >>>>     
2023-03-18 13:57:01,632  |  DEBUG  |  >>>>   Table row no "18", Cell no "6" appended ...  
2023-03-18 13:57:01,633  |  DEBUG  |  >>>>     
2023-03-18 13:57:01,652  |  DEBUG  |  >>>>   Table row no "18", Cell no "7" appended ...  
2023-03-18 13:57:01,653  |  DEBUG  |  >>>>     
2023-03-18 13:57:01,672  |  DEBUG  |  >>>>   Table row no "18", Cell no "8" appended ...  
2023-03-18 13:57:01,673  |  DEBUG  |  >>>>     
2023-03-18 13:57:01,689  |  DEBUG  |  >>>>   Table row no "18", Cell no "9" appended ...  
2023-03-18 13:57:01,690  |  DEBUG  |  >>>>     
2023-03-18 13:57:01,707  |  DEBUG  |  >>>>   Table row no "18", Cell no "10" appended ...  
2023-03-18 13:57:01,709  |  DEBUG  |  >>>>     
2023-03-18 13:57:01,728  |  DEBUG  |  >>>>   Table row no "18", Cell no "11" appended ...  
2023-03-18 13:57:01,729  |  DEBUG  |  >>>>     
2023-03-18 13:57:01,748  |  DEBUG  |  >>>>   Table row no "18", Cell no "12" appended ...  
2023-03-18 13:57:01,749  |  DEBUG  |  >>>>     
2023-03-18 13:57:01,767  |  DEBUG  |  >>>>   Table row no "18", Cell no "13" appended ...  
2023-03-18 13:57:01,768  |  DEBUG  |  >>>>     
2023-03-18 13:57:01,785  |  DEBUG  |  >>>>   Table row no "18", Cell no "14" appended ...  
2023-03-18 13:57:01,786  |  DEBUG  |  >>>>     
2023-03-18 13:57:01,804  |  DEBUG  |  >>>>   Table row no "18", Cell no "15" appended ...  
2023-03-18 13:57:01,805  |  DEBUG  |  >>>>     
2023-03-18 13:57:01,822  |  DEBUG  |  >>>>   Table row no "18", Cell no "16" appended ...  
2023-03-18 13:57:01,823  |  DEBUG  |  >>>>     
2023-03-18 13:57:01,840  |  DEBUG  |  >>>>   Table row no "18", Cell no "17" appended ...  
2023-03-18 13:57:01,841  |  DEBUG  |  >>>>     
2023-03-18 13:57:01,859  |  DEBUG  |  >>>>   Table row no "18", Cell no "18" appended ...  
2023-03-18 13:57:01,860  |  DEBUG  |  >>>>     
2023-03-18 13:57:01,860  |  DEBUG  |  >>>>>>>   Table no 0 <<<<<<    
2023-03-18 13:57:01,861  |  DEBUG  |  >>>>     
2023-03-18 13:57:01,892  |  DEBUG  |  >>>>   Table row no "19", Cell no "1" appended ...  
2023-03-18 13:57:01,893  |  DEBUG  |  >>>>     
2023-03-18 13:57:01,914  |  DEBUG  |  >>>>   Table row no "19", Cell no "2" appended ...  
2023-03-18 13:57:01,915  |  DEBUG  |  >>>>     
2023-03-18 13:57:01,935  |  DEBUG  |  >>>>   Table row no "19", Cell no "3" appended ...  
2023-03-18 13:57:01,936  |  DEBUG  |  >>>>     
2023-03-18 13:57:01,954  |  DEBUG  |  >>>>   Table row no "19", Cell no "4" appended ...  
2023-03-18 13:57:01,956  |  DEBUG  |  >>>>     
2023-03-18 13:57:01,974  |  DEBUG  |  >>>>   Table row no "19", Cell no "5" appended ...  
2023-03-18 13:57:01,975  |  DEBUG  |  >>>>     
2023-03-18 13:57:01,992  |  DEBUG  |  >>>>   Table row no "19", Cell no "6" appended ...  
2023-03-18 13:57:01,993  |  DEBUG  |  >>>>     
2023-03-18 13:57:02,011  |  DEBUG  |  >>>>   Table row no "19", Cell no "7" appended ...  
2023-03-18 13:57:02,012  |  DEBUG  |  >>>>     
2023-03-18 13:57:02,031  |  DEBUG  |  >>>>   Table row no "19", Cell no "8" appended ...  
2023-03-18 13:57:02,032  |  DEBUG  |  >>>>     
2023-03-18 13:57:02,050  |  DEBUG  |  >>>>   Table row no "19", Cell no "9" appended ...  
2023-03-18 13:57:02,051  |  DEBUG  |  >>>>     
2023-03-18 13:57:02,069  |  DEBUG  |  >>>>   Table row no "19", Cell no "10" appended ...  
2023-03-18 13:57:02,070  |  DEBUG  |  >>>>     
2023-03-18 13:57:02,087  |  DEBUG  |  >>>>   Table row no "19", Cell no "11" appended ...  
2023-03-18 13:57:02,087  |  DEBUG  |  >>>>     
2023-03-18 13:57:02,105  |  DEBUG  |  >>>>   Table row no "19", Cell no "12" appended ...  
2023-03-18 13:57:02,106  |  DEBUG  |  >>>>     
2023-03-18 13:57:02,129  |  DEBUG  |  >>>>   Table row no "19", Cell no "13" appended ...  
2023-03-18 13:57:02,130  |  DEBUG  |  >>>>     
2023-03-18 13:57:02,150  |  DEBUG  |  >>>>   Table row no "19", Cell no "14" appended ...  
2023-03-18 13:57:02,151  |  DEBUG  |  >>>>     
2023-03-18 13:57:02,169  |  DEBUG  |  >>>>   Table row no "19", Cell no "15" appended ...  
2023-03-18 13:57:02,171  |  DEBUG  |  >>>>     
2023-03-18 13:57:02,187  |  DEBUG  |  >>>>   Table row no "19", Cell no "16" appended ...  
2023-03-18 13:57:02,188  |  DEBUG  |  >>>>     
2023-03-18 13:57:02,205  |  DEBUG  |  >>>>   Table row no "19", Cell no "17" appended ...  
2023-03-18 13:57:02,206  |  DEBUG  |  >>>>     
2023-03-18 13:57:02,222  |  DEBUG  |  >>>>   Table row no "19", Cell no "18" appended ...  
2023-03-18 13:57:02,223  |  DEBUG  |  >>>>     
2023-03-18 13:57:02,224  |  DEBUG  |  >>>>>>>   Table no 0 <<<<<<    
2023-03-18 13:57:02,225  |  DEBUG  |  >>>>     
2023-03-18 13:57:02,255  |  DEBUG  |  >>>>   Table row no "20", Cell no "1" appended ...  
2023-03-18 13:57:02,256  |  DEBUG  |  >>>>     
2023-03-18 13:57:02,273  |  DEBUG  |  >>>>   Table row no "20", Cell no "2" appended ...  
2023-03-18 13:57:02,274  |  DEBUG  |  >>>>     
2023-03-18 13:57:02,291  |  DEBUG  |  >>>>   Table row no "20", Cell no "3" appended ...  
2023-03-18 13:57:02,291  |  DEBUG  |  >>>>     
2023-03-18 13:57:02,310  |  DEBUG  |  >>>>   Table row no "20", Cell no "4" appended ...  
2023-03-18 13:57:02,311  |  DEBUG  |  >>>>     
2023-03-18 13:57:02,329  |  DEBUG  |  >>>>   Table row no "20", Cell no "5" appended ...  
2023-03-18 13:57:02,330  |  DEBUG  |  >>>>     
2023-03-18 13:57:02,350  |  DEBUG  |  >>>>   Table row no "20", Cell no "6" appended ...  
2023-03-18 13:57:02,350  |  DEBUG  |  >>>>     
2023-03-18 13:57:02,371  |  DEBUG  |  >>>>   Table row no "20", Cell no "7" appended ...  
2023-03-18 13:57:02,372  |  DEBUG  |  >>>>     
2023-03-18 13:57:02,389  |  DEBUG  |  >>>>   Table row no "20", Cell no "8" appended ...  
2023-03-18 13:57:02,390  |  DEBUG  |  >>>>     
2023-03-18 13:57:02,407  |  DEBUG  |  >>>>   Table row no "20", Cell no "9" appended ...  
2023-03-18 13:57:02,409  |  DEBUG  |  >>>>     
2023-03-18 13:57:02,427  |  DEBUG  |  >>>>   Table row no "20", Cell no "10" appended ...  
2023-03-18 13:57:02,428  |  DEBUG  |  >>>>     
2023-03-18 13:57:02,447  |  DEBUG  |  >>>>   Table row no "20", Cell no "11" appended ...  
2023-03-18 13:57:02,448  |  DEBUG  |  >>>>     
2023-03-18 13:57:02,467  |  DEBUG  |  >>>>   Table row no "20", Cell no "12" appended ...  
2023-03-18 13:57:02,467  |  DEBUG  |  >>>>     
2023-03-18 13:57:02,487  |  DEBUG  |  >>>>   Table row no "20", Cell no "13" appended ...  
2023-03-18 13:57:02,489  |  DEBUG  |  >>>>     
2023-03-18 13:57:02,507  |  DEBUG  |  >>>>   Table row no "20", Cell no "14" appended ...  
2023-03-18 13:57:02,508  |  DEBUG  |  >>>>     
2023-03-18 13:57:02,525  |  DEBUG  |  >>>>   Table row no "20", Cell no "15" appended ...  
2023-03-18 13:57:02,526  |  DEBUG  |  >>>>     
2023-03-18 13:57:02,546  |  DEBUG  |  >>>>   Table row no "20", Cell no "16" appended ...  
2023-03-18 13:57:02,547  |  DEBUG  |  >>>>     
2023-03-18 13:57:02,567  |  DEBUG  |  >>>>   Table row no "20", Cell no "17" appended ...  
2023-03-18 13:57:02,568  |  DEBUG  |  >>>>     
2023-03-18 13:57:02,587  |  DEBUG  |  >>>>   Table row no "20", Cell no "18" appended ...  
2023-03-18 13:57:02,589  |  DEBUG  |  >>>>     
2023-03-18 13:57:02,589  |  DEBUG  |  >>>>>>>   Table no 0 <<<<<<    
2023-03-18 13:57:02,590  |  DEBUG  |  >>>>     
2023-03-18 13:57:02,619  |  DEBUG  |  >>>>   Table row no "21", Cell no "1" appended ...  
2023-03-18 13:57:02,621  |  DEBUG  |  >>>>     
2023-03-18 13:57:02,639  |  DEBUG  |  >>>>   Table row no "21", Cell no "2" appended ...  
2023-03-18 13:57:02,640  |  DEBUG  |  >>>>     
2023-03-18 13:57:02,659  |  DEBUG  |  >>>>   Table row no "21", Cell no "3" appended ...  
2023-03-18 13:57:02,660  |  DEBUG  |  >>>>     
2023-03-18 13:57:02,678  |  DEBUG  |  >>>>   Table row no "21", Cell no "4" appended ...  
2023-03-18 13:57:02,679  |  DEBUG  |  >>>>     
2023-03-18 13:57:02,701  |  DEBUG  |  >>>>   Table row no "21", Cell no "5" appended ...  
2023-03-18 13:57:02,702  |  DEBUG  |  >>>>     
2023-03-18 13:57:02,720  |  DEBUG  |  >>>>   Table row no "21", Cell no "6" appended ...  
2023-03-18 13:57:02,721  |  DEBUG  |  >>>>     
2023-03-18 13:57:02,739  |  DEBUG  |  >>>>   Table row no "21", Cell no "7" appended ...  
2023-03-18 13:57:02,740  |  DEBUG  |  >>>>     
2023-03-18 13:57:02,761  |  DEBUG  |  >>>>   Table row no "21", Cell no "8" appended ...  
2023-03-18 13:57:02,762  |  DEBUG  |  >>>>     
2023-03-18 13:57:02,783  |  DEBUG  |  >>>>   Table row no "21", Cell no "9" appended ...  
2023-03-18 13:57:02,784  |  DEBUG  |  >>>>     
2023-03-18 13:57:02,806  |  DEBUG  |  >>>>   Table row no "21", Cell no "10" appended ...  
2023-03-18 13:57:02,807  |  DEBUG  |  >>>>     
2023-03-18 13:57:02,830  |  DEBUG  |  >>>>   Table row no "21", Cell no "11" appended ...  
2023-03-18 13:57:02,831  |  DEBUG  |  >>>>     
2023-03-18 13:57:02,848  |  DEBUG  |  >>>>   Table row no "21", Cell no "12" appended ...  
2023-03-18 13:57:02,849  |  DEBUG  |  >>>>     
2023-03-18 13:57:02,867  |  DEBUG  |  >>>>   Table row no "21", Cell no "13" appended ...  
2023-03-18 13:57:02,868  |  DEBUG  |  >>>>     
2023-03-18 13:57:02,885  |  DEBUG  |  >>>>   Table row no "21", Cell no "14" appended ...  
2023-03-18 13:57:02,885  |  DEBUG  |  >>>>     
2023-03-18 13:57:02,904  |  DEBUG  |  >>>>   Table row no "21", Cell no "15" appended ...  
2023-03-18 13:57:02,905  |  DEBUG  |  >>>>     
2023-03-18 13:57:02,925  |  DEBUG  |  >>>>   Table row no "21", Cell no "16" appended ...  
2023-03-18 13:57:02,926  |  DEBUG  |  >>>>     
2023-03-18 13:57:02,944  |  DEBUG  |  >>>>   Table row no "21", Cell no "17" appended ...  
2023-03-18 13:57:02,944  |  DEBUG  |  >>>>     
2023-03-18 13:57:02,962  |  DEBUG  |  >>>>   Table row no "21", Cell no "18" appended ...  
2023-03-18 13:57:02,963  |  DEBUG  |  >>>>     
2023-03-18 13:57:02,978  |  DEBUG  |     Pos                      Team   P      W  D  L  GF  GA      W  D  L  GF  GA      GD Pts   match_date
0    1                   Arsenal  27     10  2  1  34  16     11  1  2  28   9      37  66  2023-Mar-18
1    2           Manchester City  27     11  1  1  43  13      8  3  3  24  12      42  61  2023-Mar-18
2    3         Manchester United  26      9  3  1  24   8      6  2  5  17  27       6  50  2023-Mar-18
3    4         Tottenham Hotspur  27     10  0  4  29  16      5  3  5  20  21      12  48  2023-Mar-18
4    5          Newcastle United  26      7  5  1  21   9      5  6  2  18  10      20  47  2023-Mar-18
5    6                 Liverpool  26      9  3  1  34   9      3  3  7  13  20      18  42  2023-Mar-18
6    7  Brighton and Hove Albion  25      7  2  4  22  11      5  4  3  24  20      15  42  2023-Mar-18
7    8                 Brentford  26      7  5  1  27  13      3  6  4  15  20       9  41  2023-Mar-18
8    9                    Fulham  27      6  4  4  21  20      5  2  6  17  17       1  39  2023-Mar-18
9   10                   Chelsea  26      6  3  3  14   8      4  4  6  13  18       1  37  2023-Mar-18
10  11               Aston Villa  26      6  2  5  20  19      4  3  6  12  20      -7  35  2023-Mar-18
11  12            Crystal Palace  27      4  5  5  12  18      2  4  7   9  16     -13  27  2023-Mar-18
12  13   Wolverhampton Wanderers  27      5  2  6  10  15      2  4  8  10  22     -17  27  2023-Mar-18
13  14         Nottingham Forest  27      5  5  4  18  17      1  3  9   4  32     -27  26  2023-Mar-18
14  15                   Everton  27      5  2  7  12  16      1  5  7   8  22     -18  25  2023-Mar-18
15  16            Leicester City  26      3  3  7  16  17      4  0  9  21  29      -9  24  2023-Mar-18
16  17           West Ham United  26      5  3  5  17  14      1  3  9   7  20     -10  24  2023-Mar-18
17  18           AFC Bournemouth  26      4  4  5  13  16      2  2  9  12  35     -26  24  2023-Mar-18
18  19              Leeds United  26      4  5  4  18  18      1  3  9  13  24     -11  23  2023-Mar-18
19  20               Southampton  27      2  3  8  11  21      4  1  9   9  22     -23  22  2023-Mar-18  
2023-03-18 13:57:03,041  |  INFO  |    
2023-03-18 13:57:03,041  |  INFO  |  >>>>   Successfully written and loaded "prem_league_table_2023-Mar-18.csv" file to local target location...  
2023-03-18 13:57:03,042  |  DEBUG  |  >>>>     
